Analysis & Synthesis report for MicroProcessorUnit
Thu Aug 11 10:18:23 2022
Quartus Prime Version 18.1.0 Build 625 09/12/2018 SJ Lite Edition


---------------------
; Table of Contents ;
---------------------
  1. Legal Notice
  2. Analysis & Synthesis Summary
  3. Analysis & Synthesis Settings
  4. Parallel Compilation
  5. Analysis & Synthesis Source Files Read
  6. Analysis & Synthesis Resource Usage Summary
  7. Analysis & Synthesis Resource Utilization by Entity
  8. Analysis & Synthesis RAM Summary
  9. General Register Statistics
 10. Multiplexer Restructuring Statistics (Restructuring Performed)
 11. Source assignments for FetchUnit:U1|ProgramMemory:U2|LPM_RAM_DQ:u1|altram:sram|altsyncram:ram_block|altsyncram_lu91:auto_generated
 12. Parameter Settings for User Entity Instance: FetchUnit:U1|ProgramMemory:U2|LPM_RAM_DQ:u1
 13. Port Connectivity Checks: "FetchUnit:U1|ProgramMemory:U2"
 14. Port Connectivity Checks: "FetchUnit:U1"
 15. Post-Synthesis Netlist Statistics for Top Partition
 16. Elapsed Time Per Partition
 17. Analysis & Synthesis Messages



----------------
; Legal Notice ;
----------------
Copyright (C) 2018  Intel Corporation. All rights reserved.
Your use of Intel Corporation's design tools, logic functions 
and other software and tools, and its AMPP partner logic 
functions, and any output files from any of the foregoing 
(including device programming or simulation files), and any 
associated documentation or information are expressly subject 
to the terms and conditions of the Intel Program License 
Subscription Agreement, the Intel Quartus Prime License Agreement,
the Intel FPGA IP License Agreement, or other applicable license
agreement, including, without limitation, that your use is for
the sole purpose of programming logic devices manufactured by
Intel and sold by Intel or its authorized distributors.  Please
refer to the applicable agreement for further details.



+----------------------------------------------------------------------------------+
; Analysis & Synthesis Summary                                                     ;
+------------------------------------+---------------------------------------------+
; Analysis & Synthesis Status        ; Successful - Thu Aug 11 10:18:23 2022       ;
; Quartus Prime Version              ; 18.1.0 Build 625 09/12/2018 SJ Lite Edition ;
; Revision Name                      ; MicroProcessorUnit                          ;
; Top-level Entity Name              ; MPU                                         ;
; Family                             ; Cyclone IV E                                ;
; Total logic elements               ; 108                                         ;
;     Total combinational functions  ; 84                                          ;
;     Dedicated logic registers      ; 36                                          ;
; Total registers                    ; 36                                          ;
; Total pins                         ; 25                                          ;
; Total virtual pins                 ; 0                                           ;
; Total memory bits                  ; 256                                         ;
; Embedded Multiplier 9-bit elements ; 0                                           ;
; Total PLLs                         ; 0                                           ;
+------------------------------------+---------------------------------------------+


+------------------------------------------------------------------------------------------------------------+
; Analysis & Synthesis Settings                                                                              ;
+------------------------------------------------------------------+--------------------+--------------------+
; Option                                                           ; Setting            ; Default Value      ;
+------------------------------------------------------------------+--------------------+--------------------+
; Device                                                           ; EP4CE115F29C7      ;                    ;
; Top-level entity name                                            ; MPU                ; MicroProcessorUnit ;
; Family name                                                      ; Cyclone IV E       ; Cyclone V          ;
; Use smart compilation                                            ; Off                ; Off                ;
; Enable parallel Assembler and Timing Analyzer during compilation ; On                 ; On                 ;
; Enable compact report table                                      ; Off                ; Off                ;
; Restructure Multiplexers                                         ; Auto               ; Auto               ;
; Create Debugging Nodes for IP Cores                              ; Off                ; Off                ;
; Preserve fewer node names                                        ; On                 ; On                 ;
; Intel FPGA IP Evaluation Mode                                    ; Enable             ; Enable             ;
; Verilog Version                                                  ; Verilog_2001       ; Verilog_2001       ;
; VHDL Version                                                     ; VHDL_1993          ; VHDL_1993          ;
; State Machine Processing                                         ; Auto               ; Auto               ;
; Safe State Machine                                               ; Off                ; Off                ;
; Extract Verilog State Machines                                   ; On                 ; On                 ;
; Extract VHDL State Machines                                      ; On                 ; On                 ;
; Ignore Verilog initial constructs                                ; Off                ; Off                ;
; Iteration limit for constant Verilog loops                       ; 5000               ; 5000               ;
; Iteration limit for non-constant Verilog loops                   ; 250                ; 250                ;
; Add Pass-Through Logic to Inferred RAMs                          ; On                 ; On                 ;
; Infer RAMs from Raw Logic                                        ; On                 ; On                 ;
; Parallel Synthesis                                               ; On                 ; On                 ;
; DSP Block Balancing                                              ; Auto               ; Auto               ;
; NOT Gate Push-Back                                               ; On                 ; On                 ;
; Power-Up Don't Care                                              ; On                 ; On                 ;
; Remove Redundant Logic Cells                                     ; Off                ; Off                ;
; Remove Duplicate Registers                                       ; On                 ; On                 ;
; Ignore CARRY Buffers                                             ; Off                ; Off                ;
; Ignore CASCADE Buffers                                           ; Off                ; Off                ;
; Ignore GLOBAL Buffers                                            ; Off                ; Off                ;
; Ignore ROW GLOBAL Buffers                                        ; Off                ; Off                ;
; Ignore LCELL Buffers                                             ; Off                ; Off                ;
; Ignore SOFT Buffers                                              ; On                 ; On                 ;
; Limit AHDL Integers to 32 Bits                                   ; Off                ; Off                ;
; Optimization Technique                                           ; Balanced           ; Balanced           ;
; Carry Chain Length                                               ; 70                 ; 70                 ;
; Auto Carry Chains                                                ; On                 ; On                 ;
; Auto Open-Drain Pins                                             ; On                 ; On                 ;
; Perform WYSIWYG Primitive Resynthesis                            ; Off                ; Off                ;
; Auto ROM Replacement                                             ; On                 ; On                 ;
; Auto RAM Replacement                                             ; On                 ; On                 ;
; Auto DSP Block Replacement                                       ; On                 ; On                 ;
; Auto Shift Register Replacement                                  ; Auto               ; Auto               ;
; Allow Shift Register Merging across Hierarchies                  ; Auto               ; Auto               ;
; Auto Clock Enable Replacement                                    ; On                 ; On                 ;
; Strict RAM Replacement                                           ; Off                ; Off                ;
; Allow Synchronous Control Signals                                ; On                 ; On                 ;
; Force Use of Synchronous Clear Signals                           ; Off                ; Off                ;
; Auto RAM Block Balancing                                         ; On                 ; On                 ;
; Auto RAM to Logic Cell Conversion                                ; Off                ; Off                ;
; Auto Resource Sharing                                            ; Off                ; Off                ;
; Allow Any RAM Size For Recognition                               ; Off                ; Off                ;
; Allow Any ROM Size For Recognition                               ; Off                ; Off                ;
; Allow Any Shift Register Size For Recognition                    ; Off                ; Off                ;
; Use LogicLock Constraints during Resource Balancing              ; On                 ; On                 ;
; Ignore translate_off and synthesis_off directives                ; Off                ; Off                ;
; Timing-Driven Synthesis                                          ; On                 ; On                 ;
; Report Parameter Settings                                        ; On                 ; On                 ;
; Report Source Assignments                                        ; On                 ; On                 ;
; Report Connectivity Checks                                       ; On                 ; On                 ;
; Ignore Maximum Fan-Out Assignments                               ; Off                ; Off                ;
; Synchronization Register Chain Length                            ; 2                  ; 2                  ;
; Power Optimization During Synthesis                              ; Normal compilation ; Normal compilation ;
; HDL message level                                                ; Level2             ; Level2             ;
; Suppress Register Optimization Related Messages                  ; Off                ; Off                ;
; Number of Removed Registers Reported in Synthesis Report         ; 5000               ; 5000               ;
; Number of Swept Nodes Reported in Synthesis Report               ; 5000               ; 5000               ;
; Number of Inverted Registers Reported in Synthesis Report        ; 100                ; 100                ;
; Clock MUX Protection                                             ; On                 ; On                 ;
; Auto Gated Clock Conversion                                      ; Off                ; Off                ;
; Block Design Naming                                              ; Auto               ; Auto               ;
; SDC constraint protection                                        ; Off                ; Off                ;
; Synthesis Effort                                                 ; Auto               ; Auto               ;
; Shift Register Replacement - Allow Asynchronous Clear Signal     ; On                 ; On                 ;
; Pre-Mapping Resynthesis Optimization                             ; Off                ; Off                ;
; Analysis & Synthesis Message Level                               ; Medium             ; Medium             ;
; Disable Register Merging Across Hierarchies                      ; Auto               ; Auto               ;
; Resource Aware Inference For Block RAM                           ; On                 ; On                 ;
+------------------------------------------------------------------+--------------------+--------------------+


+------------------------------------------+
; Parallel Compilation                     ;
+----------------------------+-------------+
; Processors                 ; Number      ;
+----------------------------+-------------+
; Number detected on machine ; 8           ;
; Maximum allowed            ; 4           ;
;                            ;             ;
; Average used               ; 1.00        ;
; Maximum used               ; 4           ;
;                            ;             ;
; Usage by Processor         ; % Time Used ;
;     Processor 1            ; 100.0%      ;
;     Processors 2-4         ;   0.0%      ;
+----------------------------+-------------+


+-------------------------------------------------------------------------------------------------------------------------------------------------------------------------------------------------------------+
; Analysis & Synthesis Source Files Read                                                                                                                                                                      ;
+----------------------------------+-----------------+----------------------------------+-----------------------------------------------------------------------------------------------------------+---------+
; File Name with User-Entered Path ; Used in Netlist ; File Type                        ; File Name with Absolute Path                                                                              ; Library ;
+----------------------------------+-----------------+----------------------------------+-----------------------------------------------------------------------------------------------------------+---------+
; ProgramCounter.vhd               ; yes             ; User VHDL File                   ; C:/Users/ariel/Desktop/works/HIT/VHDL Lab/Ex7 - MicroProcessor/Synthesis - Quartus/ProgramCounter.vhd     ;         ;
; ProgramMemory.vhd                ; yes             ; User VHDL File                   ; C:/Users/ariel/Desktop/works/HIT/VHDL Lab/Ex7 - MicroProcessor/Synthesis - Quartus/ProgramMemory.vhd      ;         ;
; FetchUnit.vhd                    ; yes             ; User VHDL File                   ; C:/Users/ariel/Desktop/works/HIT/VHDL Lab/Ex7 - MicroProcessor/Synthesis - Quartus/FetchUnit.vhd          ;         ;
; Reg.vhd                          ; yes             ; User VHDL File                   ; C:/Users/ariel/Desktop/works/HIT/VHDL Lab/Ex7 - MicroProcessor/Synthesis - Quartus/Reg.vhd                ;         ;
; Registers.vhd                    ; yes             ; User VHDL File                   ; C:/Users/ariel/Desktop/works/HIT/VHDL Lab/Ex7 - MicroProcessor/Synthesis - Quartus/Registers.vhd          ;         ;
; ALU.vhd                          ; yes             ; User VHDL File                   ; C:/Users/ariel/Desktop/works/HIT/VHDL Lab/Ex7 - MicroProcessor/Synthesis - Quartus/ALU.vhd                ;         ;
; Control_Unit.vhd                 ; yes             ; User VHDL File                   ; C:/Users/ariel/Desktop/works/HIT/VHDL Lab/Ex7 - MicroProcessor/Synthesis - Quartus/Control_Unit.vhd       ;         ;
; mux.vhd                          ; yes             ; User VHDL File                   ; C:/Users/ariel/Desktop/works/HIT/VHDL Lab/Ex7 - MicroProcessor/Synthesis - Quartus/mux.vhd                ;         ;
; MPU.vhd                          ; yes             ; User VHDL File                   ; C:/Users/ariel/Desktop/works/HIT/VHDL Lab/Ex7 - MicroProcessor/Synthesis - Quartus/MPU.vhd                ;         ;
; mux2_1.vhd                       ; yes             ; User VHDL File                   ; C:/Users/ariel/Desktop/works/HIT/VHDL Lab/Ex7 - MicroProcessor/Synthesis - Quartus/mux2_1.vhd             ;         ;
; Program.mif                      ; yes             ; User Memory Initialization File  ; C:/Users/ariel/Desktop/works/HIT/VHDL Lab/Ex7 - MicroProcessor/Synthesis - Quartus/Program.mif            ;         ;
; lpm_ram_dq.tdf                   ; yes             ; Megafunction                     ; c:/intelfpga_lite/18.1/quartus/libraries/megafunctions/lpm_ram_dq.tdf                                     ;         ;
; altram.inc                       ; yes             ; Megafunction                     ; c:/intelfpga_lite/18.1/quartus/libraries/megafunctions/altram.inc                                         ;         ;
; lpm_mux.inc                      ; yes             ; Megafunction                     ; c:/intelfpga_lite/18.1/quartus/libraries/megafunctions/lpm_mux.inc                                        ;         ;
; lpm_decode.inc                   ; yes             ; Megafunction                     ; c:/intelfpga_lite/18.1/quartus/libraries/megafunctions/lpm_decode.inc                                     ;         ;
; aglobal181.inc                   ; yes             ; Megafunction                     ; c:/intelfpga_lite/18.1/quartus/libraries/megafunctions/aglobal181.inc                                     ;         ;
; altram.tdf                       ; yes             ; Megafunction                     ; c:/intelfpga_lite/18.1/quartus/libraries/megafunctions/altram.tdf                                         ;         ;
; memmodes.inc                     ; yes             ; Megafunction                     ; c:/intelfpga_lite/18.1/quartus/libraries/others/maxplus2/memmodes.inc                                     ;         ;
; altsyncram.inc                   ; yes             ; Megafunction                     ; c:/intelfpga_lite/18.1/quartus/libraries/megafunctions/altsyncram.inc                                     ;         ;
; altsyncram.tdf                   ; yes             ; Megafunction                     ; c:/intelfpga_lite/18.1/quartus/libraries/megafunctions/altsyncram.tdf                                     ;         ;
; stratix_ram_block.inc            ; yes             ; Megafunction                     ; c:/intelfpga_lite/18.1/quartus/libraries/megafunctions/stratix_ram_block.inc                              ;         ;
; a_rdenreg.inc                    ; yes             ; Megafunction                     ; c:/intelfpga_lite/18.1/quartus/libraries/megafunctions/a_rdenreg.inc                                      ;         ;
; altrom.inc                       ; yes             ; Megafunction                     ; c:/intelfpga_lite/18.1/quartus/libraries/megafunctions/altrom.inc                                         ;         ;
; altdpram.inc                     ; yes             ; Megafunction                     ; c:/intelfpga_lite/18.1/quartus/libraries/megafunctions/altdpram.inc                                       ;         ;
; db/altsyncram_lu91.tdf           ; yes             ; Auto-Generated Megafunction      ; C:/Users/ariel/Desktop/works/HIT/VHDL Lab/Ex7 - MicroProcessor/Synthesis - Quartus/db/altsyncram_lu91.tdf ;         ;
+----------------------------------+-----------------+----------------------------------+-----------------------------------------------------------------------------------------------------------+---------+


+---------------------------------------------------------+
; Analysis & Synthesis Resource Usage Summary             ;
+---------------------------------------------+-----------+
; Resource                                    ; Usage     ;
+---------------------------------------------+-----------+
; Estimated Total logic elements              ; 108       ;
;                                             ;           ;
; Total combinational functions               ; 84        ;
; Logic element usage by number of LUT inputs ;           ;
;     -- 4 input functions                    ; 57        ;
;     -- 3 input functions                    ; 20        ;
;     -- <=2 input functions                  ; 7         ;
;                                             ;           ;
; Logic elements by mode                      ;           ;
;     -- normal mode                          ; 76        ;
;     -- arithmetic mode                      ; 8         ;
;                                             ;           ;
; Total registers                             ; 36        ;
;     -- Dedicated logic registers            ; 36        ;
;     -- I/O registers                        ; 0         ;
;                                             ;           ;
; I/O pins                                    ; 25        ;
; Total memory bits                           ; 256       ;
;                                             ;           ;
; Embedded Multiplier 9-bit elements          ; 0         ;
;                                             ;           ;
; Maximum fan-out node                        ; clk~input ;
; Maximum fan-out                             ; 24        ;
; Total fan-out                               ; 516       ;
; Average fan-out                             ; 2.77      ;
+---------------------------------------------+-----------+


+-----------------------------------------------------------------------------------------------------------------------------------------------------------------------------------------------------------------------------------------------------------------------------------------------------------------------------------+
; Analysis & Synthesis Resource Utilization by Entity                                                                                                                                                                                                                                                                               ;
+----------------------------------------------------+---------------------+---------------------------+-------------+--------------+---------+-----------+------+--------------+------------------------------------------------------------------------------------------------------------------+-----------------+--------------+
; Compilation Hierarchy Node                         ; Combinational ALUTs ; Dedicated Logic Registers ; Memory Bits ; DSP Elements ; DSP 9x9 ; DSP 18x18 ; Pins ; Virtual Pins ; Full Hierarchy Name                                                                                              ; Entity Name     ; Library Name ;
+----------------------------------------------------+---------------------+---------------------------+-------------+--------------+---------+-----------+------+--------------+------------------------------------------------------------------------------------------------------------------+-----------------+--------------+
; |MPU                                               ; 84 (1)              ; 36 (0)                    ; 256         ; 0            ; 0       ; 0         ; 25   ; 0            ; |MPU                                                                                                             ; MPU             ; work         ;
;    |ALU:U3|                                        ; 33 (33)             ; 0 (0)                     ; 0           ; 0            ; 0       ; 0         ; 0    ; 0            ; |MPU|ALU:U3                                                                                                      ; ALU             ; work         ;
;    |Control_Unit:U2|                               ; 2 (2)               ; 0 (0)                     ; 0           ; 0            ; 0       ; 0         ; 0    ; 0            ; |MPU|Control_Unit:U2                                                                                             ; Control_Unit    ; work         ;
;    |FetchUnit:U1|                                  ; 4 (0)               ; 4 (0)                     ; 256         ; 0            ; 0       ; 0         ; 0    ; 0            ; |MPU|FetchUnit:U1                                                                                                ; FetchUnit       ; work         ;
;       |ProgramCounter:U1|                          ; 4 (4)               ; 4 (4)                     ; 0           ; 0            ; 0       ; 0         ; 0    ; 0            ; |MPU|FetchUnit:U1|ProgramCounter:U1                                                                              ; ProgramCounter  ; work         ;
;       |ProgramMemory:U2|                           ; 0 (0)               ; 0 (0)                     ; 256         ; 0            ; 0       ; 0         ; 0    ; 0            ; |MPU|FetchUnit:U1|ProgramMemory:U2                                                                               ; ProgramMemory   ; work         ;
;          |lpm_ram_dq:u1|                           ; 0 (0)               ; 0 (0)                     ; 256         ; 0            ; 0       ; 0         ; 0    ; 0            ; |MPU|FetchUnit:U1|ProgramMemory:U2|lpm_ram_dq:u1                                                                 ; lpm_ram_dq      ; work         ;
;             |altram:sram|                          ; 0 (0)               ; 0 (0)                     ; 256         ; 0            ; 0       ; 0         ; 0    ; 0            ; |MPU|FetchUnit:U1|ProgramMemory:U2|lpm_ram_dq:u1|altram:sram                                                     ; altram          ; work         ;
;                |altsyncram:ram_block|              ; 0 (0)               ; 0 (0)                     ; 256         ; 0            ; 0       ; 0         ; 0    ; 0            ; |MPU|FetchUnit:U1|ProgramMemory:U2|lpm_ram_dq:u1|altram:sram|altsyncram:ram_block                                ; altsyncram      ; work         ;
;                   |altsyncram_lu91:auto_generated| ; 0 (0)               ; 0 (0)                     ; 256         ; 0            ; 0       ; 0         ; 0    ; 0            ; |MPU|FetchUnit:U1|ProgramMemory:U2|lpm_ram_dq:u1|altram:sram|altsyncram:ram_block|altsyncram_lu91:auto_generated ; altsyncram_lu91 ; work         ;
;    |Registers:U4|                                  ; 36 (4)              ; 32 (0)                    ; 0           ; 0            ; 0       ; 0         ; 0    ; 0            ; |MPU|Registers:U4                                                                                                ; Registers       ; work         ;
;       |Reg:\Gen:0:R|                               ; 0 (0)               ; 8 (8)                     ; 0           ; 0            ; 0       ; 0         ; 0    ; 0            ; |MPU|Registers:U4|Reg:\Gen:0:R                                                                                   ; Reg             ; work         ;
;       |Reg:\Gen:1:R|                               ; 0 (0)               ; 8 (8)                     ; 0           ; 0            ; 0       ; 0         ; 0    ; 0            ; |MPU|Registers:U4|Reg:\Gen:1:R                                                                                   ; Reg             ; work         ;
;       |Reg:\Gen:2:R|                               ; 0 (0)               ; 8 (8)                     ; 0           ; 0            ; 0       ; 0         ; 0    ; 0            ; |MPU|Registers:U4|Reg:\Gen:2:R                                                                                   ; Reg             ; work         ;
;       |Reg:\Gen:3:R|                               ; 0 (0)               ; 8 (8)                     ; 0           ; 0            ; 0       ; 0         ; 0    ; 0            ; |MPU|Registers:U4|Reg:\Gen:3:R                                                                                   ; Reg             ; work         ;
;       |mux:U1|                                     ; 16 (16)             ; 0 (0)                     ; 0           ; 0            ; 0       ; 0         ; 0    ; 0            ; |MPU|Registers:U4|mux:U1                                                                                         ; mux             ; work         ;
;       |mux:U2|                                     ; 16 (16)             ; 0 (0)                     ; 0           ; 0            ; 0       ; 0         ; 0    ; 0            ; |MPU|Registers:U4|mux:U2                                                                                         ; mux             ; work         ;
;    |mux2_1:U5|                                     ; 8 (8)               ; 0 (0)                     ; 0           ; 0            ; 0       ; 0         ; 0    ; 0            ; |MPU|mux2_1:U5                                                                                                   ; mux2_1          ; work         ;
+----------------------------------------------------+---------------------+---------------------------+-------------+--------------+---------+-----------+------+--------------+------------------------------------------------------------------------------------------------------------------+-----------------+--------------+
Note: For table entries with two numbers listed, the numbers in parentheses indicate the number of resources of the given type used by the specific entity alone. The numbers listed outside of parentheses indicate the total resources of the given type used by the specific entity and all of its sub-entities in the hierarchy.


+------------------------------------------------------------------------------------------------------------------------------------------------------------------------------------------------------------------------------+
; Analysis & Synthesis RAM Summary                                                                                                                                                                                             ;
+------------------------------------------------------------------------------------------------------------------------+------+-------------+--------------+--------------+--------------+--------------+------+-------------+
; Name                                                                                                                   ; Type ; Mode        ; Port A Depth ; Port A Width ; Port B Depth ; Port B Width ; Size ; MIF         ;
+------------------------------------------------------------------------------------------------------------------------+------+-------------+--------------+--------------+--------------+--------------+------+-------------+
; FetchUnit:U1|ProgramMemory:U2|lpm_ram_dq:u1|altram:sram|altsyncram:ram_block|altsyncram_lu91:auto_generated|ALTSYNCRAM ; AUTO ; Single Port ; 16           ; 16           ; --           ; --           ; 256  ; Program.mif ;
+------------------------------------------------------------------------------------------------------------------------+------+-------------+--------------+--------------+--------------+--------------+------+-------------+


+------------------------------------------------------+
; General Register Statistics                          ;
+----------------------------------------------+-------+
; Statistic                                    ; Value ;
+----------------------------------------------+-------+
; Total registers                              ; 36    ;
; Number of registers using Synchronous Clear  ; 0     ;
; Number of registers using Synchronous Load   ; 0     ;
; Number of registers using Asynchronous Clear ; 0     ;
; Number of registers using Asynchronous Load  ; 0     ;
; Number of registers using Clock Enable       ; 0     ;
; Number of registers using Preset             ; 0     ;
+----------------------------------------------+-------+


+---------------------------------------------------------------------------------------------------------------------------------------------+
; Multiplexer Restructuring Statistics (Restructuring Performed)                                                                              ;
+--------------------+-----------+---------------+----------------------+------------------------+------------+-------------------------------+
; Multiplexer Inputs ; Bus Width ; Baseline Area ; Area if Restructured ; Saving if Restructured ; Registered ; Example Multiplexer Output    ;
+--------------------+-----------+---------------+----------------------+------------------------+------------+-------------------------------+
; 4:1                ; 8 bits    ; 16 LEs        ; 16 LEs               ; 0 LEs                  ; No         ; |MPU|Registers:U4|mux:U1|Mux6 ;
; 4:1                ; 8 bits    ; 16 LEs        ; 16 LEs               ; 0 LEs                  ; No         ; |MPU|Registers:U4|mux:U2|Mux5 ;
; 8:1                ; 8 bits    ; 40 LEs        ; 32 LEs               ; 8 LEs                  ; No         ; |MPU|ALU:U3|Mux3              ;
+--------------------+-----------+---------------+----------------------+------------------------+------------+-------------------------------+


+------------------------------------------------------------------------------------------------------------------------------------+
; Source assignments for FetchUnit:U1|ProgramMemory:U2|LPM_RAM_DQ:u1|altram:sram|altsyncram:ram_block|altsyncram_lu91:auto_generated ;
+---------------------------------+--------------------+------+----------------------------------------------------------------------+
; Assignment                      ; Value              ; From ; To                                                                   ;
+---------------------------------+--------------------+------+----------------------------------------------------------------------+
; OPTIMIZE_POWER_DURING_SYNTHESIS ; NORMAL_COMPILATION ; -    ; -                                                                    ;
+---------------------------------+--------------------+------+----------------------------------------------------------------------+


+------------------------------------------------------------------------------------------+
; Parameter Settings for User Entity Instance: FetchUnit:U1|ProgramMemory:U2|LPM_RAM_DQ:u1 ;
+------------------------+--------------+--------------------------------------------------+
; Parameter Name         ; Value        ; Type                                             ;
+------------------------+--------------+--------------------------------------------------+
; LPM_WIDTH              ; 16           ; Signed Integer                                   ;
; LPM_WIDTHAD            ; 4            ; Signed Integer                                   ;
; LPM_NUMWORDS           ; 0            ; Signed Integer                                   ;
; LPM_INDATA             ; REGISTERED   ; Untyped                                          ;
; LPM_ADDRESS_CONTROL    ; REGISTERED   ; Untyped                                          ;
; LPM_OUTDATA            ; UNREGISTERED ; Untyped                                          ;
; LPM_FILE               ; Program.mif  ; Untyped                                          ;
; USE_EAB                ; ON           ; Untyped                                          ;
; DEVICE_FAMILY          ; Cyclone IV E ; Untyped                                          ;
; CBXI_PARAMETER         ; NOTHING      ; Untyped                                          ;
; AUTO_CARRY_CHAINS      ; ON           ; AUTO_CARRY                                       ;
; IGNORE_CARRY_BUFFERS   ; OFF          ; IGNORE_CARRY                                     ;
; AUTO_CASCADE_CHAINS    ; ON           ; AUTO_CASCADE                                     ;
; IGNORE_CASCADE_BUFFERS ; OFF          ; IGNORE_CASCADE                                   ;
+------------------------+--------------+--------------------------------------------------+
Note: In order to hide this table in the UI and the text report file, please set the "Show Parameter Settings in Synthesis Report" option in "Analysis and Synthesis Settings -> More Settings" to "Off".


+-----------------------------------------------------------+
; Port Connectivity Checks: "FetchUnit:U1|ProgramMemory:U2" ;
+------+-------+----------+---------------------------------+
; Port ; Type  ; Severity ; Details                         ;
+------+-------+----------+---------------------------------+
; din  ; Input ; Info     ; Stuck at GND                    ;
+------+-------+----------+---------------------------------+


+------------------------------------------+
; Port Connectivity Checks: "FetchUnit:U1" ;
+------+-------+----------+----------------+
; Port ; Type  ; Severity ; Details        ;
+------+-------+----------+----------------+
; rst  ; Input ; Info     ; Stuck at GND   ;
+------+-------+----------+----------------+


+-----------------------------------------------------+
; Post-Synthesis Netlist Statistics for Top Partition ;
+-----------------------+-----------------------------+
; Type                  ; Count                       ;
+-----------------------+-----------------------------+
; boundary_port         ; 25                          ;
; cycloneiii_ff         ; 36                          ;
;     plain             ; 36                          ;
; cycloneiii_lcell_comb ; 84                          ;
;     arith             ; 8                           ;
;         2 data inputs ; 1                           ;
;         3 data inputs ; 7                           ;
;     normal            ; 76                          ;
;         0 data inputs ; 1                           ;
;         1 data inputs ; 1                           ;
;         2 data inputs ; 4                           ;
;         3 data inputs ; 13                          ;
;         4 data inputs ; 57                          ;
; cycloneiii_ram_block  ; 16                          ;
;                       ;                             ;
; Max LUT depth         ; 6.70                        ;
; Average LUT depth     ; 4.93                        ;
+-----------------------+-----------------------------+


+-------------------------------+
; Elapsed Time Per Partition    ;
+----------------+--------------+
; Partition Name ; Elapsed Time ;
+----------------+--------------+
; Top            ; 00:00:00     ;
+----------------+--------------+


+-------------------------------+
; Analysis & Synthesis Messages ;
+-------------------------------+
Info: *******************************************************************
Info: Running Quartus Prime Analysis & Synthesis
    Info: Version 18.1.0 Build 625 09/12/2018 SJ Lite Edition
    Info: Processing started: Thu Aug 11 10:18:09 2022
Info: Command: quartus_map --read_settings_files=on --write_settings_files=off MicroProcessorUnit -c MicroProcessorUnit
Warning (18236): Number of processors has not been specified which may cause overloading on shared machines.  Set the global assignment NUM_PARALLEL_PROCESSORS in your QSF to an appropriate value for best performance.
Info (20030): Parallel compilation is enabled and will use 4 of the 4 processors detected
Info (12021): Found 2 design units, including 1 entities, in source file programcounter.vhd
    Info (12022): Found design unit 1: ProgramCounter-one File: C:/Users/ariel/Desktop/works/HIT/VHDL Lab/Ex7 - MicroProcessor/Synthesis - Quartus/ProgramCounter.vhd Line: 11
    Info (12023): Found entity 1: ProgramCounter File: C:/Users/ariel/Desktop/works/HIT/VHDL Lab/Ex7 - MicroProcessor/Synthesis - Quartus/ProgramCounter.vhd Line: 5
Info (12021): Found 2 design units, including 1 entities, in source file programmemory.vhd
    Info (12022): Found design unit 1: ProgramMemory-arc File: C:/Users/ariel/Desktop/works/HIT/VHDL Lab/Ex7 - MicroProcessor/Synthesis - Quartus/ProgramMemory.vhd Line: 14
    Info (12023): Found entity 1: ProgramMemory File: C:/Users/ariel/Desktop/works/HIT/VHDL Lab/Ex7 - MicroProcessor/Synthesis - Quartus/ProgramMemory.vhd Line: 6
Info (12021): Found 2 design units, including 1 entities, in source file fetchunit.vhd
    Info (12022): Found design unit 1: FetchUnit-one File: C:/Users/ariel/Desktop/works/HIT/VHDL Lab/Ex7 - MicroProcessor/Synthesis - Quartus/FetchUnit.vhd Line: 10
    Info (12023): Found entity 1: FetchUnit File: C:/Users/ariel/Desktop/works/HIT/VHDL Lab/Ex7 - MicroProcessor/Synthesis - Quartus/FetchUnit.vhd Line: 4
Info (12021): Found 2 design units, including 1 entities, in source file reg.vhd
    Info (12022): Found design unit 1: Reg-one File: C:/Users/ariel/Desktop/works/HIT/VHDL Lab/Ex7 - MicroProcessor/Synthesis - Quartus/Reg.vhd Line: 11
    Info (12023): Found entity 1: Reg File: C:/Users/ariel/Desktop/works/HIT/VHDL Lab/Ex7 - MicroProcessor/Synthesis - Quartus/Reg.vhd Line: 4
Info (12021): Found 2 design units, including 1 entities, in source file registers.vhd
    Info (12022): Found design unit 1: Registers-one File: C:/Users/ariel/Desktop/works/HIT/VHDL Lab/Ex7 - MicroProcessor/Synthesis - Quartus/Registers.vhd Line: 13
    Info (12023): Found entity 1: Registers File: C:/Users/ariel/Desktop/works/HIT/VHDL Lab/Ex7 - MicroProcessor/Synthesis - Quartus/Registers.vhd Line: 5
Info (12021): Found 2 design units, including 1 entities, in source file alu.vhd
    Info (12022): Found design unit 1: ALU-one File: C:/Users/ariel/Desktop/works/HIT/VHDL Lab/Ex7 - MicroProcessor/Synthesis - Quartus/ALU.vhd Line: 13
    Info (12023): Found entity 1: ALU File: C:/Users/ariel/Desktop/works/HIT/VHDL Lab/Ex7 - MicroProcessor/Synthesis - Quartus/ALU.vhd Line: 5
Info (12021): Found 2 design units, including 1 entities, in source file control_unit.vhd
    Info (12022): Found design unit 1: Control_Unit-one File: C:/Users/ariel/Desktop/works/HIT/VHDL Lab/Ex7 - MicroProcessor/Synthesis - Quartus/Control_Unit.vhd Line: 14
    Info (12023): Found entity 1: Control_Unit File: C:/Users/ariel/Desktop/works/HIT/VHDL Lab/Ex7 - MicroProcessor/Synthesis - Quartus/Control_Unit.vhd Line: 4
Warning (12090): Entity "mux" obtained from "mux.vhd" instead of from Quartus Prime megafunction library File: C:/Users/ariel/Desktop/works/HIT/VHDL Lab/Ex7 - MicroProcessor/Synthesis - Quartus/mux.vhd Line: 4
Info (12021): Found 2 design units, including 1 entities, in source file mux.vhd
    Info (12022): Found design unit 1: mux-one File: C:/Users/ariel/Desktop/works/HIT/VHDL Lab/Ex7 - MicroProcessor/Synthesis - Quartus/mux.vhd Line: 14
    Info (12023): Found entity 1: mux File: C:/Users/ariel/Desktop/works/HIT/VHDL Lab/Ex7 - MicroProcessor/Synthesis - Quartus/mux.vhd Line: 4
Info (12021): Found 2 design units, including 1 entities, in source file mpu.vhd
    Info (12022): Found design unit 1: MPU-one File: C:/Users/ariel/Desktop/works/HIT/VHDL Lab/Ex7 - MicroProcessor/Synthesis - Quartus/MPU.vhd Line: 10
    Info (12023): Found entity 1: MPU File: C:/Users/ariel/Desktop/works/HIT/VHDL Lab/Ex7 - MicroProcessor/Synthesis - Quartus/MPU.vhd Line: 4
Info (12021): Found 2 design units, including 1 entities, in source file mux2_1.vhd
    Info (12022): Found design unit 1: mux2_1-one File: C:/Users/ariel/Desktop/works/HIT/VHDL Lab/Ex7 - MicroProcessor/Synthesis - Quartus/mux2_1.vhd Line: 11
    Info (12023): Found entity 1: mux2_1 File: C:/Users/ariel/Desktop/works/HIT/VHDL Lab/Ex7 - MicroProcessor/Synthesis - Quartus/mux2_1.vhd Line: 4
Info (12127): Elaborating entity "MPU" for the top level hierarchy
Info (12128): Elaborating entity "FetchUnit" for hierarchy "FetchUnit:U1" File: C:/Users/ariel/Desktop/works/HIT/VHDL Lab/Ex7 - MicroProcessor/Synthesis - Quartus/MPU.vhd Line: 60
Info (12128): Elaborating entity "ProgramCounter" for hierarchy "FetchUnit:U1|ProgramCounter:U1" File: C:/Users/ariel/Desktop/works/HIT/VHDL Lab/Ex7 - MicroProcessor/Synthesis - Quartus/FetchUnit.vhd Line: 29
Info (12128): Elaborating entity "ProgramMemory" for hierarchy "FetchUnit:U1|ProgramMemory:U2" File: C:/Users/ariel/Desktop/works/HIT/VHDL Lab/Ex7 - MicroProcessor/Synthesis - Quartus/FetchUnit.vhd Line: 30
Info (12128): Elaborating entity "LPM_RAM_DQ" for hierarchy "FetchUnit:U1|ProgramMemory:U2|LPM_RAM_DQ:u1" File: C:/Users/ariel/Desktop/works/HIT/VHDL Lab/Ex7 - MicroProcessor/Synthesis - Quartus/ProgramMemory.vhd Line: 16
Info (12130): Elaborated megafunction instantiation "FetchUnit:U1|ProgramMemory:U2|LPM_RAM_DQ:u1" File: C:/Users/ariel/Desktop/works/HIT/VHDL Lab/Ex7 - MicroProcessor/Synthesis - Quartus/ProgramMemory.vhd Line: 16
Info (12133): Instantiated megafunction "FetchUnit:U1|ProgramMemory:U2|LPM_RAM_DQ:u1" with the following parameter: File: C:/Users/ariel/Desktop/works/HIT/VHDL Lab/Ex7 - MicroProcessor/Synthesis - Quartus/ProgramMemory.vhd Line: 16
    Info (12134): Parameter "LPM_WIDTH" = "16"
    Info (12134): Parameter "LPM_WIDTHAD" = "4"
    Info (12134): Parameter "LPM_NUMWORDS" = "0"
    Info (12134): Parameter "LPM_INDATA" = "REGISTERED"
    Info (12134): Parameter "LPM_ADDRESS_CONTROL" = "REGISTERED"
    Info (12134): Parameter "LPM_OUTDATA" = "UNREGISTERED"
    Info (12134): Parameter "LPM_FILE" = "Program.mif"
    Info (12134): Parameter "LPM_TYPE" = "LPM_RAM_DQ"
    Info (12134): Parameter "USE_EAB" = "ON"
    Info (12134): Parameter "INTENDED_DEVICE_FAMILY" = "UNUSED"
    Info (12134): Parameter "LPM_HINT" = "UNUSED"
Info (12128): Elaborating entity "altram" for hierarchy "FetchUnit:U1|ProgramMemory:U2|LPM_RAM_DQ:u1|altram:sram" File: c:/intelfpga_lite/18.1/quartus/libraries/megafunctions/lpm_ram_dq.tdf Line: 105
Warning (287001): Assertion warning: altram does not support Cyclone IV E device family -- attempting best-case memory conversions, but power-up states and read during write behavior will be different for Cyclone IV E devices File: c:/intelfpga_lite/18.1/quartus/libraries/megafunctions/altram.tdf Line: 211
Info (12131): Elaborated megafunction instantiation "FetchUnit:U1|ProgramMemory:U2|LPM_RAM_DQ:u1|altram:sram", which is child of megafunction instantiation "FetchUnit:U1|ProgramMemory:U2|LPM_RAM_DQ:u1" File: c:/intelfpga_lite/18.1/quartus/libraries/megafunctions/lpm_ram_dq.tdf Line: 105
Info (12128): Elaborating entity "altsyncram" for hierarchy "FetchUnit:U1|ProgramMemory:U2|LPM_RAM_DQ:u1|altram:sram|altsyncram:ram_block" File: c:/intelfpga_lite/18.1/quartus/libraries/megafunctions/altram.tdf Line: 102
Info (12131): Elaborated megafunction instantiation "FetchUnit:U1|ProgramMemory:U2|LPM_RAM_DQ:u1|altram:sram|altsyncram:ram_block", which is child of megafunction instantiation "FetchUnit:U1|ProgramMemory:U2|LPM_RAM_DQ:u1" File: c:/intelfpga_lite/18.1/quartus/libraries/megafunctions/altram.tdf Line: 102
Info (12021): Found 1 design units, including 1 entities, in source file db/altsyncram_lu91.tdf
    Info (12023): Found entity 1: altsyncram_lu91 File: C:/Users/ariel/Desktop/works/HIT/VHDL Lab/Ex7 - MicroProcessor/Synthesis - Quartus/db/altsyncram_lu91.tdf Line: 27
Info (12128): Elaborating entity "altsyncram_lu91" for hierarchy "FetchUnit:U1|ProgramMemory:U2|LPM_RAM_DQ:u1|altram:sram|altsyncram:ram_block|altsyncram_lu91:auto_generated" File: c:/intelfpga_lite/18.1/quartus/libraries/megafunctions/altsyncram.tdf Line: 791
Info (12128): Elaborating entity "Control_Unit" for hierarchy "Control_Unit:U2" File: C:/Users/ariel/Desktop/works/HIT/VHDL Lab/Ex7 - MicroProcessor/Synthesis - Quartus/MPU.vhd Line: 61
Info (12128): Elaborating entity "ALU" for hierarchy "ALU:U3" File: C:/Users/ariel/Desktop/works/HIT/VHDL Lab/Ex7 - MicroProcessor/Synthesis - Quartus/MPU.vhd Line: 62
Info (12128): Elaborating entity "Registers" for hierarchy "Registers:U4" File: C:/Users/ariel/Desktop/works/HIT/VHDL Lab/Ex7 - MicroProcessor/Synthesis - Quartus/MPU.vhd Line: 63
Info (12128): Elaborating entity "Reg" for hierarchy "Registers:U4|Reg:\Gen:0:R" File: C:/Users/ariel/Desktop/works/HIT/VHDL Lab/Ex7 - MicroProcessor/Synthesis - Quartus/Registers.vhd Line: 38
Info (12128): Elaborating entity "mux" for hierarchy "Registers:U4|mux:U1" File: C:/Users/ariel/Desktop/works/HIT/VHDL Lab/Ex7 - MicroProcessor/Synthesis - Quartus/Registers.vhd Line: 42
Info (12128): Elaborating entity "mux2_1" for hierarchy "mux2_1:U5" File: C:/Users/ariel/Desktop/works/HIT/VHDL Lab/Ex7 - MicroProcessor/Synthesis - Quartus/MPU.vhd Line: 64
Info (286030): Timing-Driven Synthesis is running
Info (16010): Generating hard_block partition "hard_block:auto_generated_inst"
    Info (16011): Adding 0 node(s), including 0 DDIO, 0 PLL, 0 transceiver and 0 LCELL
Info (21057): Implemented 157 device resources after synthesis - the final resource count might be different
    Info (21058): Implemented 1 input pins
    Info (21059): Implemented 24 output pins
    Info (21061): Implemented 116 logic cells
    Info (21064): Implemented 16 RAM segments
Info: Quartus Prime Analysis & Synthesis was successful. 0 errors, 3 warnings
    Info: Peak virtual memory: 4807 megabytes
    Info: Processing ended: Thu Aug 11 10:18:23 2022
    Info: Elapsed time: 00:00:14
    Info: Total CPU time (on all processors): 00:00:17


