Analysis & Synthesis report for Ex1
Thu Jul 07 09:55:19 2022
Quartus II 64-Bit Version 13.1.0 Build 162 10/23/2013 SJ Web Edition


---------------------
; Table of Contents ;
---------------------
  1. Legal Notice
  2. Analysis & Synthesis Summary
  3. Analysis & Synthesis Settings
  4. Parallel Compilation
  5. Analysis & Synthesis Source Files Read
  6. Analysis & Synthesis Resource Usage Summary
  7. Analysis & Synthesis Resource Utilization by Entity
  8. General Register Statistics
  9. Parameter Settings for User Entity Instance: Letter_Sequence:inst|Mux_5_To_1:U1
 10. Parameter Settings for User Entity Instance: Letter_Sequence:inst|Mux_5_To_1:U2
 11. Parameter Settings for User Entity Instance: Letter_Sequence:inst|Mux_5_To_1:U3
 12. Parameter Settings for User Entity Instance: Letter_Sequence:inst|Mux_5_To_1:U4
 13. Parameter Settings for User Entity Instance: Letter_Sequence:inst|Mux_5_To_1:U5
 14. Port Connectivity Checks: "Letter_Sequence:inst|Mux_5_To_1:U5"
 15. Port Connectivity Checks: "Letter_Sequence:inst|Mux_5_To_1:U4"
 16. Port Connectivity Checks: "Letter_Sequence:inst|Mux_5_To_1:U3"
 17. Port Connectivity Checks: "Letter_Sequence:inst|Mux_5_To_1:U2"
 18. Port Connectivity Checks: "Letter_Sequence:inst|Mux_5_To_1:U1"
 19. Elapsed Time Per Partition
 20. Analysis & Synthesis Messages



----------------
; Legal Notice ;
----------------
Copyright (C) 1991-2013 Altera Corporation
Your use of Altera Corporation's design tools, logic functions 
and other software and tools, and its AMPP partner logic 
functions, and any output files from any of the foregoing 
(including device programming or simulation files), and any 
associated documentation or information are expressly subject 
to the terms and conditions of the Altera Program License 
Subscription Agreement, Altera MegaCore Function License 
Agreement, or other applicable license agreement, including, 
without limitation, that your use is for the sole purpose of 
programming logic devices manufactured by Altera and sold by 
Altera or its authorized distributors.  Please refer to the 
applicable agreement for further details.



+---------------------------------------------------------------------------------+
; Analysis & Synthesis Summary                                                    ;
+------------------------------------+--------------------------------------------+
; Analysis & Synthesis Status        ; Successful - Thu Jul 07 09:55:19 2022      ;
; Quartus II 64-Bit Version          ; 13.1.0 Build 162 10/23/2013 SJ Web Edition ;
; Revision Name                      ; Ex1                                        ;
; Top-level Entity Name              ; Ex1                                        ;
; Family                             ; Cyclone IV E                               ;
; Total logic elements               ; 16                                         ;
;     Total combinational functions  ; 16                                         ;
;     Dedicated logic registers      ; 0                                          ;
; Total registers                    ; 0                                          ;
; Total pins                         ; 38                                         ;
; Total virtual pins                 ; 0                                          ;
; Total memory bits                  ; 0                                          ;
; Embedded Multiplier 9-bit elements ; 0                                          ;
; Total PLLs                         ; 0                                          ;
+------------------------------------+--------------------------------------------+


+----------------------------------------------------------------------------------------------------------------------+
; Analysis & Synthesis Settings                                                                                        ;
+----------------------------------------------------------------------------+--------------------+--------------------+
; Option                                                                     ; Setting            ; Default Value      ;
+----------------------------------------------------------------------------+--------------------+--------------------+
; Device                                                                     ; EP4CE115F29C7      ;                    ;
; Top-level entity name                                                      ; Ex1                ; Ex1                ;
; Family name                                                                ; Cyclone IV E       ; Cyclone IV GX      ;
; Use smart compilation                                                      ; Off                ; Off                ;
; Enable parallel Assembler and TimeQuest Timing Analyzer during compilation ; On                 ; On                 ;
; Enable compact report table                                                ; Off                ; Off                ;
; Restructure Multiplexers                                                   ; Auto               ; Auto               ;
; Create Debugging Nodes for IP Cores                                        ; Off                ; Off                ;
; Preserve fewer node names                                                  ; On                 ; On                 ;
; Disable OpenCore Plus hardware evaluation                                  ; Off                ; Off                ;
; Verilog Version                                                            ; Verilog_2001       ; Verilog_2001       ;
; VHDL Version                                                               ; VHDL_1993          ; VHDL_1993          ;
; State Machine Processing                                                   ; Auto               ; Auto               ;
; Safe State Machine                                                         ; Off                ; Off                ;
; Extract Verilog State Machines                                             ; On                 ; On                 ;
; Extract VHDL State Machines                                                ; On                 ; On                 ;
; Ignore Verilog initial constructs                                          ; Off                ; Off                ;
; Iteration limit for constant Verilog loops                                 ; 5000               ; 5000               ;
; Iteration limit for non-constant Verilog loops                             ; 250                ; 250                ;
; Add Pass-Through Logic to Inferred RAMs                                    ; On                 ; On                 ;
; Infer RAMs from Raw Logic                                                  ; On                 ; On                 ;
; Parallel Synthesis                                                         ; On                 ; On                 ;
; DSP Block Balancing                                                        ; Auto               ; Auto               ;
; NOT Gate Push-Back                                                         ; On                 ; On                 ;
; Power-Up Don't Care                                                        ; On                 ; On                 ;
; Remove Redundant Logic Cells                                               ; Off                ; Off                ;
; Remove Duplicate Registers                                                 ; On                 ; On                 ;
; Ignore CARRY Buffers                                                       ; Off                ; Off                ;
; Ignore CASCADE Buffers                                                     ; Off                ; Off                ;
; Ignore GLOBAL Buffers                                                      ; Off                ; Off                ;
; Ignore ROW GLOBAL Buffers                                                  ; Off                ; Off                ;
; Ignore LCELL Buffers                                                       ; Off                ; Off                ;
; Ignore SOFT Buffers                                                        ; On                 ; On                 ;
; Limit AHDL Integers to 32 Bits                                             ; Off                ; Off                ;
; Optimization Technique                                                     ; Balanced           ; Balanced           ;
; Carry Chain Length                                                         ; 70                 ; 70                 ;
; Auto Carry Chains                                                          ; On                 ; On                 ;
; Auto Open-Drain Pins                                                       ; On                 ; On                 ;
; Perform WYSIWYG Primitive Resynthesis                                      ; Off                ; Off                ;
; Auto ROM Replacement                                                       ; On                 ; On                 ;
; Auto RAM Replacement                                                       ; On                 ; On                 ;
; Auto DSP Block Replacement                                                 ; On                 ; On                 ;
; Auto Shift Register Replacement                                            ; Auto               ; Auto               ;
; Allow Shift Register Merging across Hierarchies                            ; Auto               ; Auto               ;
; Auto Clock Enable Replacement                                              ; On                 ; On                 ;
; Strict RAM Replacement                                                     ; Off                ; Off                ;
; Allow Synchronous Control Signals                                          ; On                 ; On                 ;
; Force Use of Synchronous Clear Signals                                     ; Off                ; Off                ;
; Auto RAM Block Balancing                                                   ; On                 ; On                 ;
; Auto RAM to Logic Cell Conversion                                          ; Off                ; Off                ;
; Auto Resource Sharing                                                      ; Off                ; Off                ;
; Allow Any RAM Size For Recognition                                         ; Off                ; Off                ;
; Allow Any ROM Size For Recognition                                         ; Off                ; Off                ;
; Allow Any Shift Register Size For Recognition                              ; Off                ; Off                ;
; Use LogicLock Constraints during Resource Balancing                        ; On                 ; On                 ;
; Ignore translate_off and synthesis_off directives                          ; Off                ; Off                ;
; Timing-Driven Synthesis                                                    ; On                 ; On                 ;
; Report Parameter Settings                                                  ; On                 ; On                 ;
; Report Source Assignments                                                  ; On                 ; On                 ;
; Report Connectivity Checks                                                 ; On                 ; On                 ;
; Ignore Maximum Fan-Out Assignments                                         ; Off                ; Off                ;
; Synchronization Register Chain Length                                      ; 2                  ; 2                  ;
; PowerPlay Power Optimization                                               ; Normal compilation ; Normal compilation ;
; HDL message level                                                          ; Level2             ; Level2             ;
; Suppress Register Optimization Related Messages                            ; Off                ; Off                ;
; Number of Removed Registers Reported in Synthesis Report                   ; 5000               ; 5000               ;
; Number of Swept Nodes Reported in Synthesis Report                         ; 5000               ; 5000               ;
; Number of Inverted Registers Reported in Synthesis Report                  ; 100                ; 100                ;
; Clock MUX Protection                                                       ; On                 ; On                 ;
; Auto Gated Clock Conversion                                                ; Off                ; Off                ;
; Block Design Naming                                                        ; Auto               ; Auto               ;
; SDC constraint protection                                                  ; Off                ; Off                ;
; Synthesis Effort                                                           ; Auto               ; Auto               ;
; Shift Register Replacement - Allow Asynchronous Clear Signal               ; On                 ; On                 ;
; Pre-Mapping Resynthesis Optimization                                       ; Off                ; Off                ;
; Analysis & Synthesis Message Level                                         ; Medium             ; Medium             ;
; Disable Register Merging Across Hierarchies                                ; Auto               ; Auto               ;
; Resource Aware Inference For Block RAM                                     ; On                 ; On                 ;
; Synthesis Seed                                                             ; 1                  ; 1                  ;
+----------------------------------------------------------------------------+--------------------+--------------------+


Parallel compilation was disabled, but you have multiple processors available. Enable parallel compilation to reduce compilation time.
+-------------------------------------+
; Parallel Compilation                ;
+----------------------------+--------+
; Processors                 ; Number ;
+----------------------------+--------+
; Number detected on machine ; 8      ;
; Maximum allowed            ; 1      ;
+----------------------------+--------+


+--------------------------------------------------------------------------------------------------------------------------------------------------------------------------------------------+
; Analysis & Synthesis Source Files Read                                                                                                                                                     ;
+----------------------------------+-----------------+------------------------------------+----------------------------------------------------------------------------------------+---------+
; File Name with User-Entered Path ; Used in Netlist ; File Type                          ; File Name with Absolute Path                                                           ; Library ;
+----------------------------------+-----------------+------------------------------------+----------------------------------------------------------------------------------------+---------+
; Mux_5_To_1.vhd                   ; yes             ; User VHDL File                     ; C:/Users/ariel/Desktop/works/HIT/VHDL Lab/Ex1/Synthesis - Quartus/Mux_5_To_1.vhd       ;         ;
; Decoder_7Segment.vhd             ; yes             ; User VHDL File                     ; C:/Users/ariel/Desktop/works/HIT/VHDL Lab/Ex1/Synthesis - Quartus/Decoder_7Segment.vhd ;         ;
; Letter_Sequence.vhd              ; yes             ; User VHDL File                     ; C:/Users/ariel/Desktop/works/HIT/VHDL Lab/Ex1/Synthesis - Quartus/Letter_Sequence.vhd  ;         ;
; Ex1.bdf                          ; yes             ; User Block Diagram/Schematic File  ; C:/Users/ariel/Desktop/works/HIT/VHDL Lab/Ex1/Synthesis - Quartus/Ex1.bdf              ;         ;
+----------------------------------+-----------------+------------------------------------+----------------------------------------------------------------------------------------+---------+


+-----------------------------------------------------------+
; Analysis & Synthesis Resource Usage Summary               ;
+---------------------------------------------+-------------+
; Resource                                    ; Usage       ;
+---------------------------------------------+-------------+
; Estimated Total logic elements              ; 16          ;
;                                             ;             ;
; Total combinational functions               ; 16          ;
; Logic element usage by number of LUT inputs ;             ;
;     -- 4 input functions                    ; 0           ;
;     -- 3 input functions                    ; 12          ;
;     -- <=2 input functions                  ; 4           ;
;                                             ;             ;
; Logic elements by mode                      ;             ;
;     -- normal mode                          ; 16          ;
;     -- arithmetic mode                      ; 0           ;
;                                             ;             ;
; Total registers                             ; 0           ;
;     -- Dedicated logic registers            ; 0           ;
;     -- I/O registers                        ; 0           ;
;                                             ;             ;
; I/O pins                                    ; 38          ;
; Embedded Multiplier 9-bit elements          ; 0           ;
; Maximum fan-out node                        ; Sw[2]~input ;
; Maximum fan-out                             ; 17          ;
; Total fan-out                               ; 107         ;
; Average fan-out                             ; 1.16        ;
+---------------------------------------------+-------------+


+--------------------------------------------------------------------------------------------------------------------------------------------------------------------------------------------------------+
; Analysis & Synthesis Resource Utilization by Entity                                                                                                                                                    ;
+-----------------------------+-------------------+--------------+-------------+--------------+---------+-----------+------+--------------+-----------------------------------------------+--------------+
; Compilation Hierarchy Node  ; LC Combinationals ; LC Registers ; Memory Bits ; DSP Elements ; DSP 9x9 ; DSP 18x18 ; Pins ; Virtual Pins ; Full Hierarchy Name                           ; Library Name ;
+-----------------------------+-------------------+--------------+-------------+--------------+---------+-----------+------+--------------+-----------------------------------------------+--------------+
; |Ex1                        ; 16 (0)            ; 0 (0)        ; 0           ; 0            ; 0       ; 0         ; 38   ; 0            ; |Ex1                                          ; work         ;
;    |Letter_Sequence:inst|   ; 16 (0)            ; 0 (0)        ; 0           ; 0            ; 0       ; 0         ; 0    ; 0            ; |Ex1|Letter_Sequence:inst                     ; work         ;
;       |Decoder_7Segment:M1| ; 1 (1)             ; 0 (0)        ; 0           ; 0            ; 0       ; 0         ; 0    ; 0            ; |Ex1|Letter_Sequence:inst|Decoder_7Segment:M1 ; work         ;
;       |Decoder_7Segment:M2| ; 2 (2)             ; 0 (0)        ; 0           ; 0            ; 0       ; 0         ; 0    ; 0            ; |Ex1|Letter_Sequence:inst|Decoder_7Segment:M2 ; work         ;
;       |Decoder_7Segment:M3| ; 1 (1)             ; 0 (0)        ; 0           ; 0            ; 0       ; 0         ; 0    ; 0            ; |Ex1|Letter_Sequence:inst|Decoder_7Segment:M3 ; work         ;
;       |Decoder_7Segment:M4| ; 1 (1)             ; 0 (0)        ; 0           ; 0            ; 0       ; 0         ; 0    ; 0            ; |Ex1|Letter_Sequence:inst|Decoder_7Segment:M4 ; work         ;
;       |Decoder_7Segment:M5| ; 3 (3)             ; 0 (0)        ; 0           ; 0            ; 0       ; 0         ; 0    ; 0            ; |Ex1|Letter_Sequence:inst|Decoder_7Segment:M5 ; work         ;
;       |Mux_5_To_1:U1|       ; 1 (1)             ; 0 (0)        ; 0           ; 0            ; 0       ; 0         ; 0    ; 0            ; |Ex1|Letter_Sequence:inst|Mux_5_To_1:U1       ; work         ;
;       |Mux_5_To_1:U2|       ; 2 (2)             ; 0 (0)        ; 0           ; 0            ; 0       ; 0         ; 0    ; 0            ; |Ex1|Letter_Sequence:inst|Mux_5_To_1:U2       ; work         ;
;       |Mux_5_To_1:U3|       ; 2 (2)             ; 0 (0)        ; 0           ; 0            ; 0       ; 0         ; 0    ; 0            ; |Ex1|Letter_Sequence:inst|Mux_5_To_1:U3       ; work         ;
;       |Mux_5_To_1:U4|       ; 1 (1)             ; 0 (0)        ; 0           ; 0            ; 0       ; 0         ; 0    ; 0            ; |Ex1|Letter_Sequence:inst|Mux_5_To_1:U4       ; work         ;
;       |Mux_5_To_1:U5|       ; 2 (2)             ; 0 (0)        ; 0           ; 0            ; 0       ; 0         ; 0    ; 0            ; |Ex1|Letter_Sequence:inst|Mux_5_To_1:U5       ; work         ;
+-----------------------------+-------------------+--------------+-------------+--------------+---------+-----------+------+--------------+-----------------------------------------------+--------------+
Note: For table entries with two numbers listed, the numbers in parentheses indicate the number of resources of the given type used by the specific entity alone. The numbers listed outside of parentheses indicate the total resources of the given type used by the specific entity and all of its sub-entities in the hierarchy.


+------------------------------------------------------+
; General Register Statistics                          ;
+----------------------------------------------+-------+
; Statistic                                    ; Value ;
+----------------------------------------------+-------+
; Total registers                              ; 0     ;
; Number of registers using Synchronous Clear  ; 0     ;
; Number of registers using Synchronous Load   ; 0     ;
; Number of registers using Asynchronous Clear ; 0     ;
; Number of registers using Asynchronous Load  ; 0     ;
; Number of registers using Clock Enable       ; 0     ;
; Number of registers using Preset             ; 0     ;
+----------------------------------------------+-------+


+---------------------------------------------------------------------------------+
; Parameter Settings for User Entity Instance: Letter_Sequence:inst|Mux_5_To_1:U1 ;
+----------------+-------+--------------------------------------------------------+
; Parameter Name ; Value ; Type                                                   ;
+----------------+-------+--------------------------------------------------------+
; m              ; 3     ; Signed Integer                                         ;
+----------------+-------+--------------------------------------------------------+
Note: In order to hide this table in the UI and the text report file, please set the "Show Parameter Settings in Synthesis Report" option in "Analysis and Synthesis Settings -> More Settings" to "Off".


+---------------------------------------------------------------------------------+
; Parameter Settings for User Entity Instance: Letter_Sequence:inst|Mux_5_To_1:U2 ;
+----------------+-------+--------------------------------------------------------+
; Parameter Name ; Value ; Type                                                   ;
+----------------+-------+--------------------------------------------------------+
; m              ; 3     ; Signed Integer                                         ;
+----------------+-------+--------------------------------------------------------+
Note: In order to hide this table in the UI and the text report file, please set the "Show Parameter Settings in Synthesis Report" option in "Analysis and Synthesis Settings -> More Settings" to "Off".


+---------------------------------------------------------------------------------+
; Parameter Settings for User Entity Instance: Letter_Sequence:inst|Mux_5_To_1:U3 ;
+----------------+-------+--------------------------------------------------------+
; Parameter Name ; Value ; Type                                                   ;
+----------------+-------+--------------------------------------------------------+
; m              ; 3     ; Signed Integer                                         ;
+----------------+-------+--------------------------------------------------------+
Note: In order to hide this table in the UI and the text report file, please set the "Show Parameter Settings in Synthesis Report" option in "Analysis and Synthesis Settings -> More Settings" to "Off".


+---------------------------------------------------------------------------------+
; Parameter Settings for User Entity Instance: Letter_Sequence:inst|Mux_5_To_1:U4 ;
+----------------+-------+--------------------------------------------------------+
; Parameter Name ; Value ; Type                                                   ;
+----------------+-------+--------------------------------------------------------+
; m              ; 3     ; Signed Integer                                         ;
+----------------+-------+--------------------------------------------------------+
Note: In order to hide this table in the UI and the text report file, please set the "Show Parameter Settings in Synthesis Report" option in "Analysis and Synthesis Settings -> More Settings" to "Off".


+---------------------------------------------------------------------------------+
; Parameter Settings for User Entity Instance: Letter_Sequence:inst|Mux_5_To_1:U5 ;
+----------------+-------+--------------------------------------------------------+
; Parameter Name ; Value ; Type                                                   ;
+----------------+-------+--------------------------------------------------------+
; m              ; 3     ; Signed Integer                                         ;
+----------------+-------+--------------------------------------------------------+
Note: In order to hide this table in the UI and the text report file, please set the "Show Parameter Settings in Synthesis Report" option in "Analysis and Synthesis Settings -> More Settings" to "Off".


+----------------------------------------------------------------+
; Port Connectivity Checks: "Letter_Sequence:inst|Mux_5_To_1:U5" ;
+-----------+-------+----------+---------------------------------+
; Port      ; Type  ; Severity ; Details                         ;
+-----------+-------+----------+---------------------------------+
; in0[1..0] ; Input ; Info     ; Stuck at VCC                    ;
; in0[2]    ; Input ; Info     ; Stuck at GND                    ;
; in1       ; Input ; Info     ; Stuck at GND                    ;
; in2[2..1] ; Input ; Info     ; Stuck at GND                    ;
; in2[0]    ; Input ; Info     ; Stuck at VCC                    ;
; in3[2]    ; Input ; Info     ; Stuck at GND                    ;
; in3[1]    ; Input ; Info     ; Stuck at VCC                    ;
; in3[0]    ; Input ; Info     ; Stuck at GND                    ;
; in4[2]    ; Input ; Info     ; Stuck at GND                    ;
; in4[1]    ; Input ; Info     ; Stuck at VCC                    ;
; in4[0]    ; Input ; Info     ; Stuck at GND                    ;
+-----------+-------+----------+---------------------------------+


+----------------------------------------------------------------+
; Port Connectivity Checks: "Letter_Sequence:inst|Mux_5_To_1:U4" ;
+-----------+-------+----------+---------------------------------+
; Port      ; Type  ; Severity ; Details                         ;
+-----------+-------+----------+---------------------------------+
; in0[2]    ; Input ; Info     ; Stuck at GND                    ;
; in0[1]    ; Input ; Info     ; Stuck at VCC                    ;
; in0[0]    ; Input ; Info     ; Stuck at GND                    ;
; in1[1..0] ; Input ; Info     ; Stuck at VCC                    ;
; in1[2]    ; Input ; Info     ; Stuck at GND                    ;
; in2       ; Input ; Info     ; Stuck at GND                    ;
; in3[2..1] ; Input ; Info     ; Stuck at GND                    ;
; in3[0]    ; Input ; Info     ; Stuck at VCC                    ;
; in4[2]    ; Input ; Info     ; Stuck at GND                    ;
; in4[1]    ; Input ; Info     ; Stuck at VCC                    ;
; in4[0]    ; Input ; Info     ; Stuck at GND                    ;
+-----------+-------+----------+---------------------------------+


+----------------------------------------------------------------+
; Port Connectivity Checks: "Letter_Sequence:inst|Mux_5_To_1:U3" ;
+-----------+-------+----------+---------------------------------+
; Port      ; Type  ; Severity ; Details                         ;
+-----------+-------+----------+---------------------------------+
; in0[2]    ; Input ; Info     ; Stuck at GND                    ;
; in0[1]    ; Input ; Info     ; Stuck at VCC                    ;
; in0[0]    ; Input ; Info     ; Stuck at GND                    ;
; in1[2]    ; Input ; Info     ; Stuck at GND                    ;
; in1[1]    ; Input ; Info     ; Stuck at VCC                    ;
; in1[0]    ; Input ; Info     ; Stuck at GND                    ;
; in2[1..0] ; Input ; Info     ; Stuck at VCC                    ;
; in2[2]    ; Input ; Info     ; Stuck at GND                    ;
; in3       ; Input ; Info     ; Stuck at GND                    ;
; in4[2..1] ; Input ; Info     ; Stuck at GND                    ;
; in4[0]    ; Input ; Info     ; Stuck at VCC                    ;
+-----------+-------+----------+---------------------------------+


+----------------------------------------------------------------+
; Port Connectivity Checks: "Letter_Sequence:inst|Mux_5_To_1:U2" ;
+-----------+-------+----------+---------------------------------+
; Port      ; Type  ; Severity ; Details                         ;
+-----------+-------+----------+---------------------------------+
; in0[2..1] ; Input ; Info     ; Stuck at GND                    ;
; in0[0]    ; Input ; Info     ; Stuck at VCC                    ;
; in1[2]    ; Input ; Info     ; Stuck at GND                    ;
; in1[1]    ; Input ; Info     ; Stuck at VCC                    ;
; in1[0]    ; Input ; Info     ; Stuck at GND                    ;
; in2[2]    ; Input ; Info     ; Stuck at GND                    ;
; in2[1]    ; Input ; Info     ; Stuck at VCC                    ;
; in2[0]    ; Input ; Info     ; Stuck at GND                    ;
; in3[1..0] ; Input ; Info     ; Stuck at VCC                    ;
; in3[2]    ; Input ; Info     ; Stuck at GND                    ;
; in4       ; Input ; Info     ; Stuck at GND                    ;
+-----------+-------+----------+---------------------------------+


+----------------------------------------------------------------+
; Port Connectivity Checks: "Letter_Sequence:inst|Mux_5_To_1:U1" ;
+-----------+-------+----------+---------------------------------+
; Port      ; Type  ; Severity ; Details                         ;
+-----------+-------+----------+---------------------------------+
; in0       ; Input ; Info     ; Stuck at GND                    ;
; in1[2..1] ; Input ; Info     ; Stuck at GND                    ;
; in1[0]    ; Input ; Info     ; Stuck at VCC                    ;
; in2[2]    ; Input ; Info     ; Stuck at GND                    ;
; in2[1]    ; Input ; Info     ; Stuck at VCC                    ;
; in2[0]    ; Input ; Info     ; Stuck at GND                    ;
; in3[2]    ; Input ; Info     ; Stuck at GND                    ;
; in3[1]    ; Input ; Info     ; Stuck at VCC                    ;
; in3[0]    ; Input ; Info     ; Stuck at GND                    ;
; in4[1..0] ; Input ; Info     ; Stuck at VCC                    ;
; in4[2]    ; Input ; Info     ; Stuck at GND                    ;
+-----------+-------+----------+---------------------------------+


+-------------------------------+
; Elapsed Time Per Partition    ;
+----------------+--------------+
; Partition Name ; Elapsed Time ;
+----------------+--------------+
; Top            ; 00:00:00     ;
+----------------+--------------+


+-------------------------------+
; Analysis & Synthesis Messages ;
+-------------------------------+
Info: *******************************************************************
Info: Running Quartus II 64-Bit Analysis & Synthesis
    Info: Version 13.1.0 Build 162 10/23/2013 SJ Web Edition
    Info: Processing started: Thu Jul 07 09:55:17 2022
Info: Command: quartus_map --read_settings_files=on --write_settings_files=off Ex1 -c Ex1
Warning (20028): Parallel compilation is not licensed and has been disabled
Info (12021): Found 2 design units, including 1 entities, in source file led_sw.vhd
    Info (12022): Found design unit 1: Led_Sw-one
    Info (12023): Found entity 1: Led_Sw
Info (12021): Found 2 design units, including 1 entities, in source file mux_2_to_1.vhd
    Info (12022): Found design unit 1: Mux_2_To_1-one
    Info (12023): Found entity 1: Mux_2_To_1
Info (12021): Found 2 design units, including 1 entities, in source file mux_5_to_1.vhd
    Info (12022): Found design unit 1: Mux_5_To_1-one
    Info (12023): Found entity 1: Mux_5_To_1
Info (12021): Found 2 design units, including 1 entities, in source file decoder_7segment.vhd
    Info (12022): Found design unit 1: Decoder_7Segment-one
    Info (12023): Found entity 1: Decoder_7Segment
Info (12021): Found 2 design units, including 1 entities, in source file letter_sequence.vhd
    Info (12022): Found design unit 1: Letter_Sequence-one
    Info (12023): Found entity 1: Letter_Sequence
Info (12021): Found 1 design units, including 1 entities, in source file ex1.bdf
    Info (12023): Found entity 1: Ex1
Info (12021): Found 2 design units, including 1 entities, in source file counter.vhd
    Info (12022): Found design unit 1: counter-one
    Info (12023): Found entity 1: counter
Info (12021): Found 2 design units, including 1 entities, in source file mydemux.vhd
    Info (12022): Found design unit 1: myDemux-one
    Info (12023): Found entity 1: myDemux
Info (12021): Found 2 design units, including 1 entities, in source file decoder_segments.vhd
    Info (12022): Found design unit 1: Decoder_Segments-one
    Info (12023): Found entity 1: Decoder_Segments
Info (12021): Found 4 design units, including 2 entities, in source file fa_4bits.vhd
    Info (12022): Found design unit 1: FA_4Bits-one
    Info (12022): Found design unit 2: FA-one
    Info (12023): Found entity 1: FA_4Bits
    Info (12023): Found entity 2: FA
Info (12021): Found 2 design units, including 1 entities, in source file bcd_conv.vhd
    Info (12022): Found design unit 1: BCD_Conv-one
    Info (12023): Found entity 1: BCD_Conv
Info (12021): Found 2 design units, including 1 entities, in source file part1.vhd
    Info (12022): Found design unit 1: part1-Behavior
    Info (12023): Found entity 1: part1
Info (12021): Found 1 design units, including 1 entities, in source file block2.bdf
    Info (12023): Found entity 1: Block2
Info (12127): Elaborating entity "Ex1" for the top level hierarchy
Info (12128): Elaborating entity "Letter_Sequence" for hierarchy "Letter_Sequence:inst"
Info (12128): Elaborating entity "Mux_5_To_1" for hierarchy "Letter_Sequence:inst|Mux_5_To_1:U1"
Info (12128): Elaborating entity "Decoder_7Segment" for hierarchy "Letter_Sequence:inst|Decoder_7Segment:M1"
Warning (13024): Output pins are stuck at VCC or GND
    Warning (13410): Pin "disp1[5]" is stuck at GND
    Warning (13410): Pin "disp1[4]" is stuck at GND
    Warning (13410): Pin "disp2[5]" is stuck at GND
    Warning (13410): Pin "disp2[4]" is stuck at GND
    Warning (13410): Pin "disp3[5]" is stuck at GND
    Warning (13410): Pin "disp3[4]" is stuck at GND
    Warning (13410): Pin "disp4[5]" is stuck at GND
    Warning (13410): Pin "disp4[4]" is stuck at GND
    Warning (13410): Pin "disp5[5]" is stuck at GND
    Warning (13410): Pin "disp5[4]" is stuck at GND
Info (286030): Timing-Driven Synthesis is running
Info (16010): Generating hard_block partition "hard_block:auto_generated_inst"
    Info (16011): Adding 0 node(s), including 0 DDIO, 0 PLL, 0 transceiver and 0 LCELL
Info (21057): Implemented 54 device resources after synthesis - the final resource count might be different
    Info (21058): Implemented 3 input pins
    Info (21059): Implemented 35 output pins
    Info (21061): Implemented 16 logic cells
Info: Quartus II 64-Bit Analysis & Synthesis was successful. 0 errors, 12 warnings
    Info: Peak virtual memory: 4660 megabytes
    Info: Processing ended: Thu Jul 07 09:55:19 2022
    Info: Elapsed time: 00:00:02
    Info: Total CPU time (on all processors): 00:00:01


