Analysis & Synthesis report for UART
Tue Aug 16 16:06:07 2022
Quartus Prime Version 18.1.0 Build 625 09/12/2018 SJ Lite Edition


---------------------
; Table of Contents ;
---------------------
  1. Legal Notice
  2. Analysis & Synthesis Summary
  3. Analysis & Synthesis Settings
  4. Parallel Compilation
  5. Analysis & Synthesis Source Files Read
  6. Analysis & Synthesis Resource Usage Summary
  7. Analysis & Synthesis Resource Utilization by Entity
  8. State Machine - |UART|Transmitter:U1|ps
  9. General Register Statistics
 10. Parameter Settings for User Entity Instance: Transmitter:U1|Generator:U1
 11. Parameter Settings for User Entity Instance: Transmitter:U1|Parity_Gen:U2
 12. Parameter Settings for User Entity Instance: Reciever:U2|Shift_Register:U2
 13. Port Connectivity Checks: "Reciever:U2|Shift_Register:U2"
 14. Port Connectivity Checks: "Reciever:U2"
 15. Port Connectivity Checks: "Transmitter:U1"
 16. Post-Synthesis Netlist Statistics for Top Partition
 17. Elapsed Time Per Partition
 18. Analysis & Synthesis Messages



----------------
; Legal Notice ;
----------------
Copyright (C) 2018  Intel Corporation. All rights reserved.
Your use of Intel Corporation's design tools, logic functions 
and other software and tools, and its AMPP partner logic 
functions, and any output files from any of the foregoing 
(including device programming or simulation files), and any 
associated documentation or information are expressly subject 
to the terms and conditions of the Intel Program License 
Subscription Agreement, the Intel Quartus Prime License Agreement,
the Intel FPGA IP License Agreement, or other applicable license
agreement, including, without limitation, that your use is for
the sole purpose of programming logic devices manufactured by
Intel and sold by Intel or its authorized distributors.  Please
refer to the applicable agreement for further details.



+----------------------------------------------------------------------------------+
; Analysis & Synthesis Summary                                                     ;
+------------------------------------+---------------------------------------------+
; Analysis & Synthesis Status        ; Successful - Tue Aug 16 16:06:07 2022       ;
; Quartus Prime Version              ; 18.1.0 Build 625 09/12/2018 SJ Lite Edition ;
; Revision Name                      ; UART                                        ;
; Top-level Entity Name              ; UART                                        ;
; Family                             ; Cyclone IV E                                ;
; Total logic elements               ; 92                                          ;
;     Total combinational functions  ; 71                                          ;
;     Dedicated logic registers      ; 55                                          ;
; Total registers                    ; 55                                          ;
; Total pins                         ; 20                                          ;
; Total virtual pins                 ; 0                                           ;
; Total memory bits                  ; 0                                           ;
; Embedded Multiplier 9-bit elements ; 0                                           ;
; Total PLLs                         ; 0                                           ;
+------------------------------------+---------------------------------------------+


+------------------------------------------------------------------------------------------------------------+
; Analysis & Synthesis Settings                                                                              ;
+------------------------------------------------------------------+--------------------+--------------------+
; Option                                                           ; Setting            ; Default Value      ;
+------------------------------------------------------------------+--------------------+--------------------+
; Device                                                           ; EP4CE115F29C7      ;                    ;
; Top-level entity name                                            ; UART               ; UART               ;
; Family name                                                      ; Cyclone IV E       ; Cyclone V          ;
; Use smart compilation                                            ; Off                ; Off                ;
; Enable parallel Assembler and Timing Analyzer during compilation ; On                 ; On                 ;
; Enable compact report table                                      ; Off                ; Off                ;
; Restructure Multiplexers                                         ; Auto               ; Auto               ;
; Create Debugging Nodes for IP Cores                              ; Off                ; Off                ;
; Preserve fewer node names                                        ; On                 ; On                 ;
; Intel FPGA IP Evaluation Mode                                    ; Enable             ; Enable             ;
; Verilog Version                                                  ; Verilog_2001       ; Verilog_2001       ;
; VHDL Version                                                     ; VHDL_1993          ; VHDL_1993          ;
; State Machine Processing                                         ; Auto               ; Auto               ;
; Safe State Machine                                               ; Off                ; Off                ;
; Extract Verilog State Machines                                   ; On                 ; On                 ;
; Extract VHDL State Machines                                      ; On                 ; On                 ;
; Ignore Verilog initial constructs                                ; Off                ; Off                ;
; Iteration limit for constant Verilog loops                       ; 5000               ; 5000               ;
; Iteration limit for non-constant Verilog loops                   ; 250                ; 250                ;
; Add Pass-Through Logic to Inferred RAMs                          ; On                 ; On                 ;
; Infer RAMs from Raw Logic                                        ; On                 ; On                 ;
; Parallel Synthesis                                               ; On                 ; On                 ;
; DSP Block Balancing                                              ; Auto               ; Auto               ;
; NOT Gate Push-Back                                               ; On                 ; On                 ;
; Power-Up Don't Care                                              ; On                 ; On                 ;
; Remove Redundant Logic Cells                                     ; Off                ; Off                ;
; Remove Duplicate Registers                                       ; On                 ; On                 ;
; Ignore CARRY Buffers                                             ; Off                ; Off                ;
; Ignore CASCADE Buffers                                           ; Off                ; Off                ;
; Ignore GLOBAL Buffers                                            ; Off                ; Off                ;
; Ignore ROW GLOBAL Buffers                                        ; Off                ; Off                ;
; Ignore LCELL Buffers                                             ; Off                ; Off                ;
; Ignore SOFT Buffers                                              ; On                 ; On                 ;
; Limit AHDL Integers to 32 Bits                                   ; Off                ; Off                ;
; Optimization Technique                                           ; Balanced           ; Balanced           ;
; Carry Chain Length                                               ; 70                 ; 70                 ;
; Auto Carry Chains                                                ; On                 ; On                 ;
; Auto Open-Drain Pins                                             ; On                 ; On                 ;
; Perform WYSIWYG Primitive Resynthesis                            ; Off                ; Off                ;
; Auto ROM Replacement                                             ; On                 ; On                 ;
; Auto RAM Replacement                                             ; On                 ; On                 ;
; Auto DSP Block Replacement                                       ; On                 ; On                 ;
; Auto Shift Register Replacement                                  ; Auto               ; Auto               ;
; Allow Shift Register Merging across Hierarchies                  ; Auto               ; Auto               ;
; Auto Clock Enable Replacement                                    ; On                 ; On                 ;
; Strict RAM Replacement                                           ; Off                ; Off                ;
; Allow Synchronous Control Signals                                ; On                 ; On                 ;
; Force Use of Synchronous Clear Signals                           ; Off                ; Off                ;
; Auto RAM Block Balancing                                         ; On                 ; On                 ;
; Auto RAM to Logic Cell Conversion                                ; Off                ; Off                ;
; Auto Resource Sharing                                            ; Off                ; Off                ;
; Allow Any RAM Size For Recognition                               ; Off                ; Off                ;
; Allow Any ROM Size For Recognition                               ; Off                ; Off                ;
; Allow Any Shift Register Size For Recognition                    ; Off                ; Off                ;
; Use LogicLock Constraints during Resource Balancing              ; On                 ; On                 ;
; Ignore translate_off and synthesis_off directives                ; Off                ; Off                ;
; Timing-Driven Synthesis                                          ; On                 ; On                 ;
; Report Parameter Settings                                        ; On                 ; On                 ;
; Report Source Assignments                                        ; On                 ; On                 ;
; Report Connectivity Checks                                       ; On                 ; On                 ;
; Ignore Maximum Fan-Out Assignments                               ; Off                ; Off                ;
; Synchronization Register Chain Length                            ; 2                  ; 2                  ;
; Power Optimization During Synthesis                              ; Normal compilation ; Normal compilation ;
; HDL message level                                                ; Level2             ; Level2             ;
; Suppress Register Optimization Related Messages                  ; Off                ; Off                ;
; Number of Removed Registers Reported in Synthesis Report         ; 5000               ; 5000               ;
; Number of Swept Nodes Reported in Synthesis Report               ; 5000               ; 5000               ;
; Number of Inverted Registers Reported in Synthesis Report        ; 100                ; 100                ;
; Clock MUX Protection                                             ; On                 ; On                 ;
; Auto Gated Clock Conversion                                      ; Off                ; Off                ;
; Block Design Naming                                              ; Auto               ; Auto               ;
; SDC constraint protection                                        ; Off                ; Off                ;
; Synthesis Effort                                                 ; Auto               ; Auto               ;
; Shift Register Replacement - Allow Asynchronous Clear Signal     ; On                 ; On                 ;
; Pre-Mapping Resynthesis Optimization                             ; Off                ; Off                ;
; Analysis & Synthesis Message Level                               ; Medium             ; Medium             ;
; Disable Register Merging Across Hierarchies                      ; Auto               ; Auto               ;
; Resource Aware Inference For Block RAM                           ; On                 ; On                 ;
+------------------------------------------------------------------+--------------------+--------------------+


+------------------------------------------+
; Parallel Compilation                     ;
+----------------------------+-------------+
; Processors                 ; Number      ;
+----------------------------+-------------+
; Number detected on machine ; 8           ;
; Maximum allowed            ; 4           ;
;                            ;             ;
; Average used               ; 1.00        ;
; Maximum used               ; 4           ;
;                            ;             ;
; Usage by Processor         ; % Time Used ;
;     Processor 1            ; 100.0%      ;
;     Processor 2            ;   0.0%      ;
;     Processors 3-4         ;   0.0%      ;
+----------------------------+-------------+


+-----------------------------------------------------------------------------------------------------------------------------------------------------------------------------------------------------------+
; Analysis & Synthesis Source Files Read                                                                                                                                                                    ;
+----------------------------------+-----------------+-----------------+--------------------------------------------------------------------------------------------------------------------------+---------+
; File Name with User-Entered Path ; Used in Netlist ; File Type       ; File Name with Absolute Path                                                                                             ; Library ;
+----------------------------------+-----------------+-----------------+--------------------------------------------------------------------------------------------------------------------------+---------+
; Reciever.vhd                     ; yes             ; User VHDL File  ; C:/Users/ariel/Desktop/works/HIT/VHDL Lab/Ex6 - UART (Async Serial Communication)/Synthesis - Quartus/Reciever.vhd       ;         ;
; Recieve_Enable.vhd               ; yes             ; User VHDL File  ; C:/Users/ariel/Desktop/works/HIT/VHDL Lab/Ex6 - UART (Async Serial Communication)/Synthesis - Quartus/Recieve_Enable.vhd ;         ;
; Transmitter.vhd                  ; yes             ; User VHDL File  ; C:/Users/ariel/Desktop/works/HIT/VHDL Lab/Ex6 - UART (Async Serial Communication)/Synthesis - Quartus/Transmitter.vhd    ;         ;
; SyncRecieveClk.vhd               ; yes             ; User VHDL File  ; C:/Users/ariel/Desktop/works/HIT/VHDL Lab/Ex6 - UART (Async Serial Communication)/Synthesis - Quartus/SyncRecieveClk.vhd ;         ;
; sync_Reciever.vhd                ; yes             ; User VHDL File  ; C:/Users/ariel/Desktop/works/HIT/VHDL Lab/Ex6 - UART (Async Serial Communication)/Synthesis - Quartus/sync_Reciever.vhd  ;         ;
; Shift_Register.vhd               ; yes             ; User VHDL File  ; C:/Users/ariel/Desktop/works/HIT/VHDL Lab/Ex6 - UART (Async Serial Communication)/Synthesis - Quartus/Shift_Register.vhd ;         ;
; Parity_Checker.vhd               ; yes             ; User VHDL File  ; C:/Users/ariel/Desktop/works/HIT/VHDL Lab/Ex6 - UART (Async Serial Communication)/Synthesis - Quartus/Parity_Checker.vhd ;         ;
; Generator.vhd                    ; yes             ; User VHDL File  ; C:/Users/ariel/Desktop/works/HIT/VHDL Lab/Ex6 - UART (Async Serial Communication)/Synthesis - Quartus/Generator.vhd      ;         ;
; Parity_Gen.vhd                   ; yes             ; User VHDL File  ; C:/Users/ariel/Desktop/works/HIT/VHDL Lab/Ex6 - UART (Async Serial Communication)/Synthesis - Quartus/Parity_Gen.vhd     ;         ;
; UART.vhd                         ; yes             ; User VHDL File  ; C:/Users/ariel/Desktop/works/HIT/VHDL Lab/Ex6 - UART (Async Serial Communication)/Synthesis - Quartus/UART.vhd           ;         ;
+----------------------------------+-----------------+-----------------+--------------------------------------------------------------------------------------------------------------------------+---------+


+----------------------------------------------------------------------------------------------------+
; Analysis & Synthesis Resource Usage Summary                                                        ;
+---------------------------------------------+------------------------------------------------------+
; Resource                                    ; Usage                                                ;
+---------------------------------------------+------------------------------------------------------+
; Estimated Total logic elements              ; 92                                                   ;
;                                             ;                                                      ;
; Total combinational functions               ; 71                                                   ;
; Logic element usage by number of LUT inputs ;                                                      ;
;     -- 4 input functions                    ; 24                                                   ;
;     -- 3 input functions                    ; 4                                                    ;
;     -- <=2 input functions                  ; 43                                                   ;
;                                             ;                                                      ;
; Logic elements by mode                      ;                                                      ;
;     -- normal mode                          ; 47                                                   ;
;     -- arithmetic mode                      ; 24                                                   ;
;                                             ;                                                      ;
; Total registers                             ; 55                                                   ;
;     -- Dedicated logic registers            ; 55                                                   ;
;     -- I/O registers                        ; 0                                                    ;
;                                             ;                                                      ;
; I/O pins                                    ; 20                                                   ;
;                                             ;                                                      ;
; Embedded Multiplier 9-bit elements          ; 0                                                    ;
;                                             ;                                                      ;
; Maximum fan-out node                        ; Reciever:U2|sync_Reciever:U1|Recieve_Enable:U2|sflag ;
; Maximum fan-out                             ; 36                                                   ;
; Total fan-out                               ; 372                                                  ;
; Average fan-out                             ; 2.24                                                 ;
+---------------------------------------------+------------------------------------------------------+


+------------------------------------------------------------------------------------------------------------------------------------------------------------------------------------------------------------------------------------------------+
; Analysis & Synthesis Resource Utilization by Entity                                                                                                                                                                                            ;
+------------------------------+---------------------+---------------------------+-------------+--------------+---------+-----------+------+--------------+------------------------------------------------------+----------------+--------------+
; Compilation Hierarchy Node   ; Combinational ALUTs ; Dedicated Logic Registers ; Memory Bits ; DSP Elements ; DSP 9x9 ; DSP 18x18 ; Pins ; Virtual Pins ; Full Hierarchy Name                                  ; Entity Name    ; Library Name ;
+------------------------------+---------------------+---------------------------+-------------+--------------+---------+-----------+------+--------------+------------------------------------------------------+----------------+--------------+
; |UART                        ; 71 (0)              ; 55 (0)                    ; 0           ; 0            ; 0       ; 0         ; 20   ; 0            ; |UART                                                ; UART           ; work         ;
;    |Reciever:U2|             ; 36 (0)              ; 29 (0)                    ; 0           ; 0            ; 0       ; 0         ; 0    ; 0            ; |UART|Reciever:U2                                    ; Reciever       ; work         ;
;       |Shift_Register:U2|    ; 8 (8)               ; 10 (10)                   ; 0           ; 0            ; 0       ; 0         ; 0    ; 0            ; |UART|Reciever:U2|Shift_Register:U2                  ; Shift_Register ; work         ;
;       |sync_Reciever:U1|     ; 28 (0)              ; 19 (0)                    ; 0           ; 0            ; 0       ; 0         ; 0    ; 0            ; |UART|Reciever:U2|sync_Reciever:U1                   ; sync_Reciever  ; work         ;
;          |Recieve_Enable:U2| ; 6 (6)               ; 5 (5)                     ; 0           ; 0            ; 0       ; 0         ; 0    ; 0            ; |UART|Reciever:U2|sync_Reciever:U1|Recieve_Enable:U2 ; Recieve_Enable ; work         ;
;          |SyncRecieveClk:U1| ; 22 (22)             ; 14 (14)                   ; 0           ; 0            ; 0       ; 0         ; 0    ; 0            ; |UART|Reciever:U2|sync_Reciever:U1|SyncRecieveClk:U1 ; SyncRecieveClk ; work         ;
;    |Transmitter:U1|          ; 35 (8)              ; 26 (12)                   ; 0           ; 0            ; 0       ; 0         ; 0    ; 0            ; |UART|Transmitter:U1                                 ; Transmitter    ; work         ;
;       |Generator:U1|         ; 27 (27)             ; 14 (14)                   ; 0           ; 0            ; 0       ; 0         ; 0    ; 0            ; |UART|Transmitter:U1|Generator:U1                    ; Generator      ; work         ;
+------------------------------+---------------------+---------------------------+-------------+--------------+---------+-----------+------+--------------+------------------------------------------------------+----------------+--------------+
Note: For table entries with two numbers listed, the numbers in parentheses indicate the number of resources of the given type used by the specific entity alone. The numbers listed outside of parentheses indicate the total resources of the given type used by the specific entity and all of its sub-entities in the hierarchy.


Encoding Type:  One-Hot
+----------------------------------------------------------------------------------------------------------------+
; State Machine - |UART|Transmitter:U1|ps                                                                        ;
+----------+---------+------+-------+-------+-------+-------+-------+-------+-------+-------+----------+---------+
; Name     ; ps.STOP ; ps.P ; ps.D7 ; ps.D6 ; ps.D5 ; ps.D4 ; ps.D3 ; ps.D2 ; ps.D1 ; ps.D0 ; ps.START ; ps.IDLE ;
+----------+---------+------+-------+-------+-------+-------+-------+-------+-------+-------+----------+---------+
; ps.IDLE  ; 0       ; 0    ; 0     ; 0     ; 0     ; 0     ; 0     ; 0     ; 0     ; 0     ; 0        ; 0       ;
; ps.START ; 0       ; 0    ; 0     ; 0     ; 0     ; 0     ; 0     ; 0     ; 0     ; 0     ; 1        ; 1       ;
; ps.D0    ; 0       ; 0    ; 0     ; 0     ; 0     ; 0     ; 0     ; 0     ; 0     ; 1     ; 0        ; 1       ;
; ps.D1    ; 0       ; 0    ; 0     ; 0     ; 0     ; 0     ; 0     ; 0     ; 1     ; 0     ; 0        ; 1       ;
; ps.D2    ; 0       ; 0    ; 0     ; 0     ; 0     ; 0     ; 0     ; 1     ; 0     ; 0     ; 0        ; 1       ;
; ps.D3    ; 0       ; 0    ; 0     ; 0     ; 0     ; 0     ; 1     ; 0     ; 0     ; 0     ; 0        ; 1       ;
; ps.D4    ; 0       ; 0    ; 0     ; 0     ; 0     ; 1     ; 0     ; 0     ; 0     ; 0     ; 0        ; 1       ;
; ps.D5    ; 0       ; 0    ; 0     ; 0     ; 1     ; 0     ; 0     ; 0     ; 0     ; 0     ; 0        ; 1       ;
; ps.D6    ; 0       ; 0    ; 0     ; 1     ; 0     ; 0     ; 0     ; 0     ; 0     ; 0     ; 0        ; 1       ;
; ps.D7    ; 0       ; 0    ; 1     ; 0     ; 0     ; 0     ; 0     ; 0     ; 0     ; 0     ; 0        ; 1       ;
; ps.P     ; 0       ; 1    ; 0     ; 0     ; 0     ; 0     ; 0     ; 0     ; 0     ; 0     ; 0        ; 1       ;
; ps.STOP  ; 1       ; 0    ; 0     ; 0     ; 0     ; 0     ; 0     ; 0     ; 0     ; 0     ; 0        ; 1       ;
+----------+---------+------+-------+-------+-------+-------+-------+-------+-------+-------+----------+---------+


+------------------------------------------------------+
; General Register Statistics                          ;
+----------------------------------------------+-------+
; Statistic                                    ; Value ;
+----------------------------------------------+-------+
; Total registers                              ; 55    ;
; Number of registers using Synchronous Clear  ; 13    ;
; Number of registers using Synchronous Load   ; 0     ;
; Number of registers using Asynchronous Clear ; 6     ;
; Number of registers using Asynchronous Load  ; 0     ;
; Number of registers using Clock Enable       ; 24    ;
; Number of registers using Preset             ; 0     ;
+----------------------------------------------+-------+


+--------------------------------------------------------------------------+
; Parameter Settings for User Entity Instance: Transmitter:U1|Generator:U1 ;
+----------------+-------+-------------------------------------------------+
; Parameter Name ; Value ; Type                                            ;
+----------------+-------+-------------------------------------------------+
; n              ; 5208  ; Signed Integer                                  ;
; dc             ; 2604  ; Signed Integer                                  ;
+----------------+-------+-------------------------------------------------+
Note: In order to hide this table in the UI and the text report file, please set the "Show Parameter Settings in Synthesis Report" option in "Analysis and Synthesis Settings -> More Settings" to "Off".


+---------------------------------------------------------------------------+
; Parameter Settings for User Entity Instance: Transmitter:U1|Parity_Gen:U2 ;
+----------------+-------+--------------------------------------------------+
; Parameter Name ; Value ; Type                                             ;
+----------------+-------+--------------------------------------------------+
; n              ; 8     ; Signed Integer                                   ;
+----------------+-------+--------------------------------------------------+
Note: In order to hide this table in the UI and the text report file, please set the "Show Parameter Settings in Synthesis Report" option in "Analysis and Synthesis Settings -> More Settings" to "Off".


+----------------------------------------------------------------------------+
; Parameter Settings for User Entity Instance: Reciever:U2|Shift_Register:U2 ;
+----------------+-------+---------------------------------------------------+
; Parameter Name ; Value ; Type                                              ;
+----------------+-------+---------------------------------------------------+
; bits           ; 11    ; Signed Integer                                    ;
+----------------+-------+---------------------------------------------------+
Note: In order to hide this table in the UI and the text report file, please set the "Show Parameter Settings in Synthesis Report" option in "Analysis and Synthesis Settings -> More Settings" to "Off".


+--------------------------------------------------------------------------------------------------------------------+
; Port Connectivity Checks: "Reciever:U2|Shift_Register:U2"                                                          ;
+----------+--------+----------+-------------------------------------------------------------------------------------+
; Port     ; Type   ; Severity ; Details                                                                             ;
+----------+--------+----------+-------------------------------------------------------------------------------------+
; rst      ; Input  ; Info     ; Stuck at GND                                                                        ;
; q[10..9] ; Output ; Info     ; Connected to dangling logic. Logic that only feeds a dangling port will be removed. ;
; q[0]     ; Output ; Info     ; Connected to dangling logic. Logic that only feeds a dangling port will be removed. ;
+----------+--------+----------+-------------------------------------------------------------------------------------+


+-----------------------------------------------------------------------------------------------------------------+
; Port Connectivity Checks: "Reciever:U2"                                                                         ;
+-------+--------+----------+-------------------------------------------------------------------------------------+
; Port  ; Type   ; Severity ; Details                                                                             ;
+-------+--------+----------+-------------------------------------------------------------------------------------+
; rxrdy ; Output ; Info     ; Connected to dangling logic. Logic that only feeds a dangling port will be removed. ;
; p     ; Output ; Info     ; Connected to dangling logic. Logic that only feeds a dangling port will be removed. ;
; fe    ; Output ; Info     ; Connected to dangling logic. Logic that only feeds a dangling port will be removed. ;
+-------+--------+----------+-------------------------------------------------------------------------------------+


+-----------------------------------------------------------------------------------------------------------------+
; Port Connectivity Checks: "Transmitter:U1"                                                                      ;
+-------+--------+----------+-------------------------------------------------------------------------------------+
; Port  ; Type   ; Severity ; Details                                                                             ;
+-------+--------+----------+-------------------------------------------------------------------------------------+
; pt    ; Input  ; Info     ; Stuck at GND                                                                        ;
; txrdy ; Output ; Info     ; Connected to dangling logic. Logic that only feeds a dangling port will be removed. ;
; txe   ; Output ; Info     ; Connected to dangling logic. Logic that only feeds a dangling port will be removed. ;
+-------+--------+----------+-------------------------------------------------------------------------------------+


+-----------------------------------------------------+
; Post-Synthesis Netlist Statistics for Top Partition ;
+-----------------------+-----------------------------+
; Type                  ; Count                       ;
+-----------------------+-----------------------------+
; boundary_port         ; 20                          ;
; cycloneiii_ff         ; 55                          ;
;     CLR               ; 5                           ;
;     ENA               ; 10                          ;
;     ENA CLR           ; 1                           ;
;     ENA SCLR          ; 13                          ;
;     plain             ; 26                          ;
; cycloneiii_lcell_comb ; 71                          ;
;     arith             ; 24                          ;
;         2 data inputs ; 24                          ;
;     normal            ; 47                          ;
;         1 data inputs ; 3                           ;
;         2 data inputs ; 16                          ;
;         3 data inputs ; 4                           ;
;         4 data inputs ; 24                          ;
;                       ;                             ;
; Max LUT depth         ; 4.00                        ;
; Average LUT depth     ; 2.29                        ;
+-----------------------+-----------------------------+


+-------------------------------+
; Elapsed Time Per Partition    ;
+----------------+--------------+
; Partition Name ; Elapsed Time ;
+----------------+--------------+
; Top            ; 00:00:00     ;
+----------------+--------------+


+-------------------------------+
; Analysis & Synthesis Messages ;
+-------------------------------+
Info: *******************************************************************
Info: Running Quartus Prime Analysis & Synthesis
    Info: Version 18.1.0 Build 625 09/12/2018 SJ Lite Edition
    Info: Processing started: Tue Aug 16 16:05:58 2022
Info: Command: quartus_map --read_settings_files=on --write_settings_files=off UART -c UART
Warning (18236): Number of processors has not been specified which may cause overloading on shared machines.  Set the global assignment NUM_PARALLEL_PROCESSORS in your QSF to an appropriate value for best performance.
Info (20030): Parallel compilation is enabled and will use 4 of the 4 processors detected
Info (12021): Found 2 design units, including 1 entities, in source file reciever.vhd
    Info (12022): Found design unit 1: Reciever-one File: C:/Users/ariel/Desktop/works/HIT/VHDL Lab/Ex6 - UART (Async Serial Communication)/Synthesis - Quartus/Reciever.vhd Line: 11
    Info (12023): Found entity 1: Reciever File: C:/Users/ariel/Desktop/works/HIT/VHDL Lab/Ex6 - UART (Async Serial Communication)/Synthesis - Quartus/Reciever.vhd Line: 4
Info (12021): Found 2 design units, including 1 entities, in source file recieve_enable.vhd
    Info (12022): Found design unit 1: Recieve_Enable-one File: C:/Users/ariel/Desktop/works/HIT/VHDL Lab/Ex6 - UART (Async Serial Communication)/Synthesis - Quartus/Recieve_Enable.vhd Line: 10
    Info (12023): Found entity 1: Recieve_Enable File: C:/Users/ariel/Desktop/works/HIT/VHDL Lab/Ex6 - UART (Async Serial Communication)/Synthesis - Quartus/Recieve_Enable.vhd Line: 4
Info (12021): Found 2 design units, including 1 entities, in source file transmitter.vhd
    Info (12022): Found design unit 1: Transmitter-one File: C:/Users/ariel/Desktop/works/HIT/VHDL Lab/Ex6 - UART (Async Serial Communication)/Synthesis - Quartus/Transmitter.vhd Line: 11
    Info (12023): Found entity 1: Transmitter File: C:/Users/ariel/Desktop/works/HIT/VHDL Lab/Ex6 - UART (Async Serial Communication)/Synthesis - Quartus/Transmitter.vhd Line: 4
Info (12021): Found 2 design units, including 1 entities, in source file syncrecieveclk.vhd
    Info (12022): Found design unit 1: SyncRecieveClk-one File: C:/Users/ariel/Desktop/works/HIT/VHDL Lab/Ex6 - UART (Async Serial Communication)/Synthesis - Quartus/SyncRecieveClk.vhd Line: 10
    Info (12023): Found entity 1: SyncRecieveClk File: C:/Users/ariel/Desktop/works/HIT/VHDL Lab/Ex6 - UART (Async Serial Communication)/Synthesis - Quartus/SyncRecieveClk.vhd Line: 4
Info (12021): Found 2 design units, including 1 entities, in source file sync_reciever.vhd
    Info (12022): Found design unit 1: sync_Reciever-one File: C:/Users/ariel/Desktop/works/HIT/VHDL Lab/Ex6 - UART (Async Serial Communication)/Synthesis - Quartus/sync_Reciever.vhd Line: 10
    Info (12023): Found entity 1: sync_Reciever File: C:/Users/ariel/Desktop/works/HIT/VHDL Lab/Ex6 - UART (Async Serial Communication)/Synthesis - Quartus/sync_Reciever.vhd Line: 4
Info (12021): Found 2 design units, including 1 entities, in source file shift_register.vhd
    Info (12022): Found design unit 1: Shift_Register-one File: C:/Users/ariel/Desktop/works/HIT/VHDL Lab/Ex6 - UART (Async Serial Communication)/Synthesis - Quartus/Shift_Register.vhd Line: 11
    Info (12023): Found entity 1: Shift_Register File: C:/Users/ariel/Desktop/works/HIT/VHDL Lab/Ex6 - UART (Async Serial Communication)/Synthesis - Quartus/Shift_Register.vhd Line: 4
Info (12021): Found 2 design units, including 1 entities, in source file parity_checker.vhd
    Info (12022): Found design unit 1: Parity_Checker-one File: C:/Users/ariel/Desktop/works/HIT/VHDL Lab/Ex6 - UART (Async Serial Communication)/Synthesis - Quartus/Parity_Checker.vhd Line: 10
    Info (12023): Found entity 1: Parity_Checker File: C:/Users/ariel/Desktop/works/HIT/VHDL Lab/Ex6 - UART (Async Serial Communication)/Synthesis - Quartus/Parity_Checker.vhd Line: 4
Info (12021): Found 2 design units, including 1 entities, in source file generator.vhd
    Info (12022): Found design unit 1: Generator-one File: C:/Users/ariel/Desktop/works/HIT/VHDL Lab/Ex6 - UART (Async Serial Communication)/Synthesis - Quartus/Generator.vhd Line: 13
    Info (12023): Found entity 1: Generator File: C:/Users/ariel/Desktop/works/HIT/VHDL Lab/Ex6 - UART (Async Serial Communication)/Synthesis - Quartus/Generator.vhd Line: 5
Info (12021): Found 2 design units, including 1 entities, in source file parity_gen.vhd
    Info (12022): Found design unit 1: Parity_Gen-one File: C:/Users/ariel/Desktop/works/HIT/VHDL Lab/Ex6 - UART (Async Serial Communication)/Synthesis - Quartus/Parity_Gen.vhd Line: 11
    Info (12023): Found entity 1: Parity_Gen File: C:/Users/ariel/Desktop/works/HIT/VHDL Lab/Ex6 - UART (Async Serial Communication)/Synthesis - Quartus/Parity_Gen.vhd Line: 4
Info (12021): Found 2 design units, including 1 entities, in source file uart.vhd
    Info (12022): Found design unit 1: UART-one File: C:/Users/ariel/Desktop/works/HIT/VHDL Lab/Ex6 - UART (Async Serial Communication)/Synthesis - Quartus/UART.vhd Line: 13
    Info (12023): Found entity 1: UART File: C:/Users/ariel/Desktop/works/HIT/VHDL Lab/Ex6 - UART (Async Serial Communication)/Synthesis - Quartus/UART.vhd Line: 4
Info (12127): Elaborating entity "UART" for the top level hierarchy
Info (12128): Elaborating entity "Transmitter" for hierarchy "Transmitter:U1" File: C:/Users/ariel/Desktop/works/HIT/VHDL Lab/Ex6 - UART (Async Serial Communication)/Synthesis - Quartus/UART.vhd Line: 30
Warning (10541): VHDL Signal Declaration warning at Transmitter.vhd(8): used implicit default value for signal "txe" because signal was never assigned a value or an explicit default value. Use of implicit default value may introduce unintended design optimizations. File: C:/Users/ariel/Desktop/works/HIT/VHDL Lab/Ex6 - UART (Async Serial Communication)/Synthesis - Quartus/Transmitter.vhd Line: 8
Warning (10492): VHDL Process Statement warning at Transmitter.vhd(49): signal "data" is read inside the Process Statement but isn't in the Process Statement's sensitivity list File: C:/Users/ariel/Desktop/works/HIT/VHDL Lab/Ex6 - UART (Async Serial Communication)/Synthesis - Quartus/Transmitter.vhd Line: 49
Warning (10492): VHDL Process Statement warning at Transmitter.vhd(50): signal "data" is read inside the Process Statement but isn't in the Process Statement's sensitivity list File: C:/Users/ariel/Desktop/works/HIT/VHDL Lab/Ex6 - UART (Async Serial Communication)/Synthesis - Quartus/Transmitter.vhd Line: 50
Warning (10492): VHDL Process Statement warning at Transmitter.vhd(51): signal "data" is read inside the Process Statement but isn't in the Process Statement's sensitivity list File: C:/Users/ariel/Desktop/works/HIT/VHDL Lab/Ex6 - UART (Async Serial Communication)/Synthesis - Quartus/Transmitter.vhd Line: 51
Warning (10492): VHDL Process Statement warning at Transmitter.vhd(52): signal "data" is read inside the Process Statement but isn't in the Process Statement's sensitivity list File: C:/Users/ariel/Desktop/works/HIT/VHDL Lab/Ex6 - UART (Async Serial Communication)/Synthesis - Quartus/Transmitter.vhd Line: 52
Warning (10492): VHDL Process Statement warning at Transmitter.vhd(53): signal "data" is read inside the Process Statement but isn't in the Process Statement's sensitivity list File: C:/Users/ariel/Desktop/works/HIT/VHDL Lab/Ex6 - UART (Async Serial Communication)/Synthesis - Quartus/Transmitter.vhd Line: 53
Warning (10492): VHDL Process Statement warning at Transmitter.vhd(54): signal "data" is read inside the Process Statement but isn't in the Process Statement's sensitivity list File: C:/Users/ariel/Desktop/works/HIT/VHDL Lab/Ex6 - UART (Async Serial Communication)/Synthesis - Quartus/Transmitter.vhd Line: 54
Warning (10492): VHDL Process Statement warning at Transmitter.vhd(55): signal "data" is read inside the Process Statement but isn't in the Process Statement's sensitivity list File: C:/Users/ariel/Desktop/works/HIT/VHDL Lab/Ex6 - UART (Async Serial Communication)/Synthesis - Quartus/Transmitter.vhd Line: 55
Warning (10492): VHDL Process Statement warning at Transmitter.vhd(56): signal "data" is read inside the Process Statement but isn't in the Process Statement's sensitivity list File: C:/Users/ariel/Desktop/works/HIT/VHDL Lab/Ex6 - UART (Async Serial Communication)/Synthesis - Quartus/Transmitter.vhd Line: 56
Warning (10492): VHDL Process Statement warning at Transmitter.vhd(57): signal "Parity" is read inside the Process Statement but isn't in the Process Statement's sensitivity list File: C:/Users/ariel/Desktop/works/HIT/VHDL Lab/Ex6 - UART (Async Serial Communication)/Synthesis - Quartus/Transmitter.vhd Line: 57
Info (12128): Elaborating entity "Generator" for hierarchy "Transmitter:U1|Generator:U1" File: C:/Users/ariel/Desktop/works/HIT/VHDL Lab/Ex6 - UART (Async Serial Communication)/Synthesis - Quartus/Transmitter.vhd Line: 42
Info (12128): Elaborating entity "Parity_Gen" for hierarchy "Transmitter:U1|Parity_Gen:U2" File: C:/Users/ariel/Desktop/works/HIT/VHDL Lab/Ex6 - UART (Async Serial Communication)/Synthesis - Quartus/Transmitter.vhd Line: 62
Info (12128): Elaborating entity "Reciever" for hierarchy "Reciever:U2" File: C:/Users/ariel/Desktop/works/HIT/VHDL Lab/Ex6 - UART (Async Serial Communication)/Synthesis - Quartus/UART.vhd Line: 31
Warning (10541): VHDL Signal Declaration warning at Reciever.vhd(8): used implicit default value for signal "fe" because signal was never assigned a value or an explicit default value. Use of implicit default value may introduce unintended design optimizations. File: C:/Users/ariel/Desktop/works/HIT/VHDL Lab/Ex6 - UART (Async Serial Communication)/Synthesis - Quartus/Reciever.vhd Line: 8
Info (12128): Elaborating entity "sync_Reciever" for hierarchy "Reciever:U2|sync_Reciever:U1" File: C:/Users/ariel/Desktop/works/HIT/VHDL Lab/Ex6 - UART (Async Serial Communication)/Synthesis - Quartus/Reciever.vhd Line: 39
Info (12128): Elaborating entity "SyncRecieveClk" for hierarchy "Reciever:U2|sync_Reciever:U1|SyncRecieveClk:U1" File: C:/Users/ariel/Desktop/works/HIT/VHDL Lab/Ex6 - UART (Async Serial Communication)/Synthesis - Quartus/sync_Reciever.vhd Line: 25
Info (12128): Elaborating entity "Recieve_Enable" for hierarchy "Reciever:U2|sync_Reciever:U1|Recieve_Enable:U2" File: C:/Users/ariel/Desktop/works/HIT/VHDL Lab/Ex6 - UART (Async Serial Communication)/Synthesis - Quartus/sync_Reciever.vhd Line: 26
Warning (10492): VHDL Process Statement warning at Recieve_Enable.vhd(26): signal "sflag" is read inside the Process Statement but isn't in the Process Statement's sensitivity list File: C:/Users/ariel/Desktop/works/HIT/VHDL Lab/Ex6 - UART (Async Serial Communication)/Synthesis - Quartus/Recieve_Enable.vhd Line: 26
Warning (10492): VHDL Process Statement warning at Recieve_Enable.vhd(28): signal "count" is read inside the Process Statement but isn't in the Process Statement's sensitivity list File: C:/Users/ariel/Desktop/works/HIT/VHDL Lab/Ex6 - UART (Async Serial Communication)/Synthesis - Quartus/Recieve_Enable.vhd Line: 28
Info (12128): Elaborating entity "Shift_Register" for hierarchy "Reciever:U2|Shift_Register:U2" File: C:/Users/ariel/Desktop/works/HIT/VHDL Lab/Ex6 - UART (Async Serial Communication)/Synthesis - Quartus/Reciever.vhd Line: 40
Info (12128): Elaborating entity "Parity_Checker" for hierarchy "Reciever:U2|Parity_Checker:U3" File: C:/Users/ariel/Desktop/works/HIT/VHDL Lab/Ex6 - UART (Async Serial Communication)/Synthesis - Quartus/Reciever.vhd Line: 41
Warning (10492): VHDL Process Statement warning at Parity_Checker.vhd(15): signal "rst" is read inside the Process Statement but isn't in the Process Statement's sensitivity list File: C:/Users/ariel/Desktop/works/HIT/VHDL Lab/Ex6 - UART (Async Serial Communication)/Synthesis - Quartus/Parity_Checker.vhd Line: 15
Info (286030): Timing-Driven Synthesis is running
Info (16010): Generating hard_block partition "hard_block:auto_generated_inst"
    Info (16011): Adding 0 node(s), including 0 DDIO, 0 PLL, 0 transceiver and 0 LCELL
Info (21057): Implemented 112 device resources after synthesis - the final resource count might be different
    Info (21058): Implemented 11 input pins
    Info (21059): Implemented 9 output pins
    Info (21061): Implemented 92 logic cells
Info: Quartus Prime Analysis & Synthesis was successful. 0 errors, 15 warnings
    Info: Peak virtual memory: 4805 megabytes
    Info: Processing ended: Tue Aug 16 16:06:07 2022
    Info: Elapsed time: 00:00:09
    Info: Total CPU time (on all processors): 00:00:18


