Analysis & Synthesis report for Traffic_Light
Tue Aug 02 17:01:56 2022
Quartus Prime Version 18.1.0 Build 625 09/12/2018 SJ Lite Edition


---------------------
; Table of Contents ;
---------------------
  1. Legal Notice
  2. Analysis & Synthesis Summary
  3. Analysis & Synthesis Settings
  4. Parallel Compilation
  5. Analysis & Synthesis Source Files Read
  6. Analysis & Synthesis Resource Usage Summary
  7. Analysis & Synthesis Resource Utilization by Entity
  8. State Machine - |Full_Traffic_Light|Traffic_Light:U1|ps
  9. User-Specified and Inferred Latches
 10. General Register Statistics
 11. Inverted Register Statistics
 12. Parameter Settings for User Entity Instance: Traffic_Light:U1|Generator:Gen1
 13. Parameter Settings for User Entity Instance: EmergencySystem:U2|Generator:U
 14. Post-Synthesis Netlist Statistics for Top Partition
 15. Elapsed Time Per Partition
 16. Analysis & Synthesis Messages



----------------
; Legal Notice ;
----------------
Copyright (C) 2018  Intel Corporation. All rights reserved.
Your use of Intel Corporation's design tools, logic functions 
and other software and tools, and its AMPP partner logic 
functions, and any output files from any of the foregoing 
(including device programming or simulation files), and any 
associated documentation or information are expressly subject 
to the terms and conditions of the Intel Program License 
Subscription Agreement, the Intel Quartus Prime License Agreement,
the Intel FPGA IP License Agreement, or other applicable license
agreement, including, without limitation, that your use is for
the sole purpose of programming logic devices manufactured by
Intel and sold by Intel or its authorized distributors.  Please
refer to the applicable agreement for further details.



+----------------------------------------------------------------------------------+
; Analysis & Synthesis Summary                                                     ;
+------------------------------------+---------------------------------------------+
; Analysis & Synthesis Status        ; Successful - Tue Aug 02 17:01:56 2022       ;
; Quartus Prime Version              ; 18.1.0 Build 625 09/12/2018 SJ Lite Edition ;
; Revision Name                      ; Traffic_Light                               ;
; Top-level Entity Name              ; Full_Traffic_Light                          ;
; Family                             ; Cyclone IV E                                ;
; Total logic elements               ; 158                                         ;
;     Total combinational functions  ; 158                                         ;
;     Dedicated logic registers      ; 73                                          ;
; Total registers                    ; 73                                          ;
; Total pins                         ; 26                                          ;
; Total virtual pins                 ; 0                                           ;
; Total memory bits                  ; 0                                           ;
; Embedded Multiplier 9-bit elements ; 0                                           ;
; Total PLLs                         ; 0                                           ;
+------------------------------------+---------------------------------------------+


+------------------------------------------------------------------------------------------------------------+
; Analysis & Synthesis Settings                                                                              ;
+------------------------------------------------------------------+--------------------+--------------------+
; Option                                                           ; Setting            ; Default Value      ;
+------------------------------------------------------------------+--------------------+--------------------+
; Device                                                           ; EP4CE115F29C7      ;                    ;
; Top-level entity name                                            ; Full_Traffic_Light ; Traffic_Light      ;
; Family name                                                      ; Cyclone IV E       ; Cyclone V          ;
; Use smart compilation                                            ; Off                ; Off                ;
; Enable parallel Assembler and Timing Analyzer during compilation ; On                 ; On                 ;
; Enable compact report table                                      ; Off                ; Off                ;
; Restructure Multiplexers                                         ; Auto               ; Auto               ;
; Create Debugging Nodes for IP Cores                              ; Off                ; Off                ;
; Preserve fewer node names                                        ; On                 ; On                 ;
; Intel FPGA IP Evaluation Mode                                    ; Enable             ; Enable             ;
; Verilog Version                                                  ; Verilog_2001       ; Verilog_2001       ;
; VHDL Version                                                     ; VHDL_1993          ; VHDL_1993          ;
; State Machine Processing                                         ; Auto               ; Auto               ;
; Safe State Machine                                               ; Off                ; Off                ;
; Extract Verilog State Machines                                   ; On                 ; On                 ;
; Extract VHDL State Machines                                      ; On                 ; On                 ;
; Ignore Verilog initial constructs                                ; Off                ; Off                ;
; Iteration limit for constant Verilog loops                       ; 5000               ; 5000               ;
; Iteration limit for non-constant Verilog loops                   ; 250                ; 250                ;
; Add Pass-Through Logic to Inferred RAMs                          ; On                 ; On                 ;
; Infer RAMs from Raw Logic                                        ; On                 ; On                 ;
; Parallel Synthesis                                               ; On                 ; On                 ;
; DSP Block Balancing                                              ; Auto               ; Auto               ;
; NOT Gate Push-Back                                               ; On                 ; On                 ;
; Power-Up Don't Care                                              ; On                 ; On                 ;
; Remove Redundant Logic Cells                                     ; Off                ; Off                ;
; Remove Duplicate Registers                                       ; On                 ; On                 ;
; Ignore CARRY Buffers                                             ; Off                ; Off                ;
; Ignore CASCADE Buffers                                           ; Off                ; Off                ;
; Ignore GLOBAL Buffers                                            ; Off                ; Off                ;
; Ignore ROW GLOBAL Buffers                                        ; Off                ; Off                ;
; Ignore LCELL Buffers                                             ; Off                ; Off                ;
; Ignore SOFT Buffers                                              ; On                 ; On                 ;
; Limit AHDL Integers to 32 Bits                                   ; Off                ; Off                ;
; Optimization Technique                                           ; Balanced           ; Balanced           ;
; Carry Chain Length                                               ; 70                 ; 70                 ;
; Auto Carry Chains                                                ; On                 ; On                 ;
; Auto Open-Drain Pins                                             ; On                 ; On                 ;
; Perform WYSIWYG Primitive Resynthesis                            ; Off                ; Off                ;
; Auto ROM Replacement                                             ; On                 ; On                 ;
; Auto RAM Replacement                                             ; On                 ; On                 ;
; Auto DSP Block Replacement                                       ; On                 ; On                 ;
; Auto Shift Register Replacement                                  ; Auto               ; Auto               ;
; Allow Shift Register Merging across Hierarchies                  ; Auto               ; Auto               ;
; Auto Clock Enable Replacement                                    ; On                 ; On                 ;
; Strict RAM Replacement                                           ; Off                ; Off                ;
; Allow Synchronous Control Signals                                ; On                 ; On                 ;
; Force Use of Synchronous Clear Signals                           ; Off                ; Off                ;
; Auto RAM Block Balancing                                         ; On                 ; On                 ;
; Auto RAM to Logic Cell Conversion                                ; Off                ; Off                ;
; Auto Resource Sharing                                            ; Off                ; Off                ;
; Allow Any RAM Size For Recognition                               ; Off                ; Off                ;
; Allow Any ROM Size For Recognition                               ; Off                ; Off                ;
; Allow Any Shift Register Size For Recognition                    ; Off                ; Off                ;
; Use LogicLock Constraints during Resource Balancing              ; On                 ; On                 ;
; Ignore translate_off and synthesis_off directives                ; Off                ; Off                ;
; Timing-Driven Synthesis                                          ; On                 ; On                 ;
; Report Parameter Settings                                        ; On                 ; On                 ;
; Report Source Assignments                                        ; On                 ; On                 ;
; Report Connectivity Checks                                       ; On                 ; On                 ;
; Ignore Maximum Fan-Out Assignments                               ; Off                ; Off                ;
; Synchronization Register Chain Length                            ; 2                  ; 2                  ;
; Power Optimization During Synthesis                              ; Normal compilation ; Normal compilation ;
; HDL message level                                                ; Level2             ; Level2             ;
; Suppress Register Optimization Related Messages                  ; Off                ; Off                ;
; Number of Removed Registers Reported in Synthesis Report         ; 5000               ; 5000               ;
; Number of Swept Nodes Reported in Synthesis Report               ; 5000               ; 5000               ;
; Number of Inverted Registers Reported in Synthesis Report        ; 100                ; 100                ;
; Clock MUX Protection                                             ; On                 ; On                 ;
; Auto Gated Clock Conversion                                      ; Off                ; Off                ;
; Block Design Naming                                              ; Auto               ; Auto               ;
; SDC constraint protection                                        ; Off                ; Off                ;
; Synthesis Effort                                                 ; Auto               ; Auto               ;
; Shift Register Replacement - Allow Asynchronous Clear Signal     ; On                 ; On                 ;
; Pre-Mapping Resynthesis Optimization                             ; Off                ; Off                ;
; Analysis & Synthesis Message Level                               ; Medium             ; Medium             ;
; Disable Register Merging Across Hierarchies                      ; Auto               ; Auto               ;
; Resource Aware Inference For Block RAM                           ; On                 ; On                 ;
+------------------------------------------------------------------+--------------------+--------------------+


+------------------------------------------+
; Parallel Compilation                     ;
+----------------------------+-------------+
; Processors                 ; Number      ;
+----------------------------+-------------+
; Number detected on machine ; 8           ;
; Maximum allowed            ; 4           ;
;                            ;             ;
; Average used               ; 1.00        ;
; Maximum used               ; 4           ;
;                            ;             ;
; Usage by Processor         ; % Time Used ;
;     Processor 1            ; 100.0%      ;
;     Processor 2            ;   0.0%      ;
;     Processors 3-4         ;   0.0%      ;
+----------------------------+-------------+


+------------------------------------------------------------------------------------------------------------------------------------------------------------------------------------------------------------------------+
; Analysis & Synthesis Source Files Read                                                                                                                                                                                 ;
+----------------------------------+-----------------+-----------------+---------------------------------------------------------------------------------------------------------------------------------------+---------+
; File Name with User-Entered Path ; Used in Netlist ; File Type       ; File Name with Absolute Path                                                                                                          ; Library ;
+----------------------------------+-----------------+-----------------+---------------------------------------------------------------------------------------------------------------------------------------+---------+
; Traffic_Light.vhd                ; yes             ; User VHDL File  ; C:/Users/ariel/Desktop/works/HIT/VHDL Lab/Ex4 - FSM (Finite State Machine)/Synthesis - Quartus - Traffic Light/Traffic_Light.vhd      ;         ;
; Generator.vhd                    ; yes             ; User VHDL File  ; C:/Users/ariel/Desktop/works/HIT/VHDL Lab/Ex4 - FSM (Finite State Machine)/Synthesis - Quartus - Traffic Light/Generator.vhd          ;         ;
; Decoder7Segment.vhd              ; yes             ; User VHDL File  ; C:/Users/ariel/Desktop/works/HIT/VHDL Lab/Ex4 - FSM (Finite State Machine)/Synthesis - Quartus - Traffic Light/Decoder7Segment.vhd    ;         ;
; EmergencySystem.vhd              ; yes             ; User VHDL File  ; C:/Users/ariel/Desktop/works/HIT/VHDL Lab/Ex4 - FSM (Finite State Machine)/Synthesis - Quartus - Traffic Light/EmergencySystem.vhd    ;         ;
; Full_Traffic_Light.vhd           ; yes             ; User VHDL File  ; C:/Users/ariel/Desktop/works/HIT/VHDL Lab/Ex4 - FSM (Finite State Machine)/Synthesis - Quartus - Traffic Light/Full_Traffic_Light.vhd ;         ;
+----------------------------------+-----------------+-----------------+---------------------------------------------------------------------------------------------------------------------------------------+---------+


+-----------------------------------------------------+
; Analysis & Synthesis Resource Usage Summary         ;
+---------------------------------------------+-------+
; Resource                                    ; Usage ;
+---------------------------------------------+-------+
; Estimated Total logic elements              ; 158   ;
;                                             ;       ;
; Total combinational functions               ; 158   ;
; Logic element usage by number of LUT inputs ;       ;
;     -- 4 input functions                    ; 49    ;
;     -- 3 input functions                    ; 11    ;
;     -- <=2 input functions                  ; 98    ;
;                                             ;       ;
; Logic elements by mode                      ;       ;
;     -- normal mode                          ; 108   ;
;     -- arithmetic mode                      ; 50    ;
;                                             ;       ;
; Total registers                             ; 73    ;
;     -- Dedicated logic registers            ; 73    ;
;     -- I/O registers                        ; 0     ;
;                                             ;       ;
; I/O pins                                    ; 26    ;
;                                             ;       ;
; Embedded Multiplier 9-bit elements          ; 0     ;
;                                             ;       ;
; Maximum fan-out node                        ; TLclk ;
; Maximum fan-out                             ; 28    ;
; Total fan-out                               ; 629   ;
; Average fan-out                             ; 2.22  ;
+---------------------------------------------+-------+


+-----------------------------------------------------------------------------------------------------------------------------------------------------------------------------------------------------------------------------------------------------------+
; Analysis & Synthesis Resource Utilization by Entity                                                                                                                                                                                                       ;
+-------------------------------+---------------------+---------------------------+-------------+--------------+---------+-----------+------+--------------+------------------------------------------------------------+--------------------+--------------+
; Compilation Hierarchy Node    ; Combinational ALUTs ; Dedicated Logic Registers ; Memory Bits ; DSP Elements ; DSP 9x9 ; DSP 18x18 ; Pins ; Virtual Pins ; Full Hierarchy Name                                        ; Entity Name        ; Library Name ;
+-------------------------------+---------------------+---------------------------+-------------+--------------+---------+-----------+------+--------------+------------------------------------------------------------+--------------------+--------------+
; |Full_Traffic_Light           ; 158 (11)            ; 73 (1)                    ; 0           ; 0            ; 0       ; 0         ; 26   ; 0            ; |Full_Traffic_Light                                        ; Full_Traffic_Light ; work         ;
;    |EmergencySystem:U2|       ; 72 (7)              ; 33 (6)                    ; 0           ; 0            ; 0       ; 0         ; 0    ; 0            ; |Full_Traffic_Light|EmergencySystem:U2                     ; EmergencySystem    ; work         ;
;       |Decoder7Segment:SEG|   ; 13 (13)             ; 0 (0)                     ; 0           ; 0            ; 0       ; 0         ; 0    ; 0            ; |Full_Traffic_Light|EmergencySystem:U2|Decoder7Segment:SEG ; Decoder7Segment    ; work         ;
;       |Generator:U|           ; 52 (52)             ; 27 (27)                   ; 0           ; 0            ; 0       ; 0         ; 0    ; 0            ; |Full_Traffic_Light|EmergencySystem:U2|Generator:U         ; Generator          ; work         ;
;    |Traffic_Light:U1|         ; 75 (16)             ; 39 (12)                   ; 0           ; 0            ; 0       ; 0         ; 0    ; 0            ; |Full_Traffic_Light|Traffic_Light:U1                       ; Traffic_Light      ; work         ;
;       |Decoder7Segment:Disp1| ; 7 (7)               ; 0 (0)                     ; 0           ; 0            ; 0       ; 0         ; 0    ; 0            ; |Full_Traffic_Light|Traffic_Light:U1|Decoder7Segment:Disp1 ; Decoder7Segment    ; work         ;
;       |Generator:Gen1|        ; 52 (52)             ; 27 (27)                   ; 0           ; 0            ; 0       ; 0         ; 0    ; 0            ; |Full_Traffic_Light|Traffic_Light:U1|Generator:Gen1        ; Generator          ; work         ;
+-------------------------------+---------------------+---------------------------+-------------+--------------+---------+-----------+------+--------------+------------------------------------------------------------+--------------------+--------------+
Note: For table entries with two numbers listed, the numbers in parentheses indicate the number of resources of the given type used by the specific entity alone. The numbers listed outside of parentheses indicate the total resources of the given type used by the specific entity and all of its sub-entities in the hierarchy.


Encoding Type:  One-Hot
+------------------------------------------------------------------+
; State Machine - |Full_Traffic_Light|Traffic_Light:U1|ps          ;
+--------+-------+-------+-------+--------+-------+-------+--------+
; Name   ; ps.NN ; ps.RG ; ps.RY ; ps.YY2 ; ps.GR ; ps.YR ; ps.YY1 ;
+--------+-------+-------+-------+--------+-------+-------+--------+
; ps.YY1 ; 0     ; 0     ; 0     ; 0      ; 0     ; 0     ; 0      ;
; ps.YR  ; 0     ; 0     ; 0     ; 0      ; 0     ; 1     ; 1      ;
; ps.GR  ; 0     ; 0     ; 0     ; 0      ; 1     ; 0     ; 1      ;
; ps.YY2 ; 0     ; 0     ; 0     ; 1      ; 0     ; 0     ; 1      ;
; ps.RY  ; 0     ; 0     ; 1     ; 0      ; 0     ; 0     ; 1      ;
; ps.RG  ; 0     ; 1     ; 0     ; 0      ; 0     ; 0     ; 1      ;
; ps.NN  ; 1     ; 0     ; 0     ; 0      ; 0     ; 0     ; 1      ;
+--------+-------+-------+-------+--------+-------+-------+--------+


+---------------------------------------------------------------------------------------------------+
; User-Specified and Inferred Latches                                                               ;
+----------------------------------------------------+---------------------+------------------------+
; Latch Name                                         ; Latch Enable Signal ; Free of Timing Hazards ;
+----------------------------------------------------+---------------------+------------------------+
; TLswclk                                            ; Q                   ; yes                    ;
; Eswclk                                             ; Q                   ; yes                    ;
; TLclk                                              ; Q                   ; yes                    ;
; Eclk                                               ; Q                   ; yes                    ;
; Number of user-specified and inferred latches = 4  ;                     ;                        ;
+----------------------------------------------------+---------------------+------------------------+
Note: All latches listed above may not be present at the end of synthesis due to various synthesis optimizations.


+------------------------------------------------------+
; General Register Statistics                          ;
+----------------------------------------------+-------+
; Statistic                                    ; Value ;
+----------------------------------------------+-------+
; Total registers                              ; 73    ;
; Number of registers using Synchronous Clear  ; 0     ;
; Number of registers using Synchronous Load   ; 0     ;
; Number of registers using Asynchronous Clear ; 16    ;
; Number of registers using Asynchronous Load  ; 0     ;
; Number of registers using Clock Enable       ; 1     ;
; Number of registers using Preset             ; 0     ;
+----------------------------------------------+-------+


+--------------------------------------------------+
; Inverted Register Statistics                     ;
+----------------------------------------+---------+
; Inverted Register                      ; Fan out ;
+----------------------------------------+---------+
; EmergencySystem:U2|count[0]            ; 12      ;
; EmergencySystem:U2|count[2]            ; 11      ;
; Total number of inverted registers = 2 ;         ;
+----------------------------------------+---------+


+------------------------------------------------------------------------------+
; Parameter Settings for User Entity Instance: Traffic_Light:U1|Generator:Gen1 ;
+----------------+----------+--------------------------------------------------+
; Parameter Name ; Value    ; Type                                             ;
+----------------+----------+--------------------------------------------------+
; N              ; 50000000 ; Signed Integer                                   ;
; DC             ; 25000000 ; Signed Integer                                   ;
+----------------+----------+--------------------------------------------------+
Note: In order to hide this table in the UI and the text report file, please set the "Show Parameter Settings in Synthesis Report" option in "Analysis and Synthesis Settings -> More Settings" to "Off".


+-----------------------------------------------------------------------------+
; Parameter Settings for User Entity Instance: EmergencySystem:U2|Generator:U ;
+----------------+----------+-------------------------------------------------+
; Parameter Name ; Value    ; Type                                            ;
+----------------+----------+-------------------------------------------------+
; N              ; 50000000 ; Signed Integer                                  ;
; DC             ; 25000000 ; Signed Integer                                  ;
+----------------+----------+-------------------------------------------------+
Note: In order to hide this table in the UI and the text report file, please set the "Show Parameter Settings in Synthesis Report" option in "Analysis and Synthesis Settings -> More Settings" to "Off".


+-----------------------------------------------------+
; Post-Synthesis Netlist Statistics for Top Partition ;
+-----------------------+-----------------------------+
; Type                  ; Count                       ;
+-----------------------+-----------------------------+
; boundary_port         ; 26                          ;
; cycloneiii_ff         ; 73                          ;
;     CLR               ; 16                          ;
;     ENA               ; 1                           ;
;     plain             ; 56                          ;
; cycloneiii_lcell_comb ; 159                         ;
;     arith             ; 50                          ;
;         2 data inputs ; 50                          ;
;     normal            ; 109                         ;
;         1 data inputs ; 6                           ;
;         2 data inputs ; 43                          ;
;         3 data inputs ; 11                          ;
;         4 data inputs ; 49                          ;
;                       ;                             ;
; Max LUT depth         ; 4.50                        ;
; Average LUT depth     ; 3.01                        ;
+-----------------------+-----------------------------+


+-------------------------------+
; Elapsed Time Per Partition    ;
+----------------+--------------+
; Partition Name ; Elapsed Time ;
+----------------+--------------+
; Top            ; 00:00:00     ;
+----------------+--------------+


+-------------------------------+
; Analysis & Synthesis Messages ;
+-------------------------------+
Info: *******************************************************************
Info: Running Quartus Prime Analysis & Synthesis
    Info: Version 18.1.0 Build 625 09/12/2018 SJ Lite Edition
    Info: Processing started: Tue Aug 02 17:01:47 2022
Info: Command: quartus_map --read_settings_files=on --write_settings_files=off Traffic_Light -c Traffic_Light
Warning (18236): Number of processors has not been specified which may cause overloading on shared machines.  Set the global assignment NUM_PARALLEL_PROCESSORS in your QSF to an appropriate value for best performance.
Info (20030): Parallel compilation is enabled and will use 4 of the 4 processors detected
Info (12021): Found 2 design units, including 1 entities, in source file traffic_light.vhd
    Info (12022): Found design unit 1: Traffic_Light-one File: C:/Users/ariel/Desktop/works/HIT/VHDL Lab/Ex4 - FSM (Finite State Machine)/Synthesis - Quartus - Traffic Light/Traffic_Light.vhd Line: 13
    Info (12023): Found entity 1: Traffic_Light File: C:/Users/ariel/Desktop/works/HIT/VHDL Lab/Ex4 - FSM (Finite State Machine)/Synthesis - Quartus - Traffic Light/Traffic_Light.vhd Line: 5
Info (12021): Found 2 design units, including 1 entities, in source file generator.vhd
    Info (12022): Found design unit 1: Generator-one File: C:/Users/ariel/Desktop/works/HIT/VHDL Lab/Ex4 - FSM (Finite State Machine)/Synthesis - Quartus - Traffic Light/Generator.vhd Line: 13
    Info (12023): Found entity 1: Generator File: C:/Users/ariel/Desktop/works/HIT/VHDL Lab/Ex4 - FSM (Finite State Machine)/Synthesis - Quartus - Traffic Light/Generator.vhd Line: 5
Info (12021): Found 2 design units, including 1 entities, in source file decoder7segment.vhd
    Info (12022): Found design unit 1: Decoder7Segment-one File: C:/Users/ariel/Desktop/works/HIT/VHDL Lab/Ex4 - FSM (Finite State Machine)/Synthesis - Quartus - Traffic Light/Decoder7Segment.vhd Line: 10
    Info (12023): Found entity 1: Decoder7Segment File: C:/Users/ariel/Desktop/works/HIT/VHDL Lab/Ex4 - FSM (Finite State Machine)/Synthesis - Quartus - Traffic Light/Decoder7Segment.vhd Line: 4
Info (12021): Found 2 design units, including 1 entities, in source file emergencysystem.vhd
    Info (12022): Found design unit 1: EmergencySystem-one File: C:/Users/ariel/Desktop/works/HIT/VHDL Lab/Ex4 - FSM (Finite State Machine)/Synthesis - Quartus - Traffic Light/EmergencySystem.vhd Line: 12
    Info (12023): Found entity 1: EmergencySystem File: C:/Users/ariel/Desktop/works/HIT/VHDL Lab/Ex4 - FSM (Finite State Machine)/Synthesis - Quartus - Traffic Light/EmergencySystem.vhd Line: 5
Info (12021): Found 2 design units, including 1 entities, in source file full_traffic_light.vhd
    Info (12022): Found design unit 1: Full_Traffic_Light-one File: C:/Users/ariel/Desktop/works/HIT/VHDL Lab/Ex4 - FSM (Finite State Machine)/Synthesis - Quartus - Traffic Light/Full_Traffic_Light.vhd Line: 11
    Info (12023): Found entity 1: Full_Traffic_Light File: C:/Users/ariel/Desktop/works/HIT/VHDL Lab/Ex4 - FSM (Finite State Machine)/Synthesis - Quartus - Traffic Light/Full_Traffic_Light.vhd Line: 4
Info (12127): Elaborating entity "Full_Traffic_Light" for the top level hierarchy
Warning (10492): VHDL Process Statement warning at Full_Traffic_Light.vhd(49): signal "clk50" is read inside the Process Statement but isn't in the Process Statement's sensitivity list File: C:/Users/ariel/Desktop/works/HIT/VHDL Lab/Ex4 - FSM (Finite State Machine)/Synthesis - Quartus - Traffic Light/Full_Traffic_Light.vhd Line: 49
Warning (10492): VHDL Process Statement warning at Full_Traffic_Light.vhd(50): signal "swclk" is read inside the Process Statement but isn't in the Process Statement's sensitivity list File: C:/Users/ariel/Desktop/works/HIT/VHDL Lab/Ex4 - FSM (Finite State Machine)/Synthesis - Quartus - Traffic Light/Full_Traffic_Light.vhd Line: 50
Warning (10492): VHDL Process Statement warning at Full_Traffic_Light.vhd(51): signal "Ey1" is read inside the Process Statement but isn't in the Process Statement's sensitivity list File: C:/Users/ariel/Desktop/works/HIT/VHDL Lab/Ex4 - FSM (Finite State Machine)/Synthesis - Quartus - Traffic Light/Full_Traffic_Light.vhd Line: 51
Warning (10492): VHDL Process Statement warning at Full_Traffic_Light.vhd(52): signal "Ey2" is read inside the Process Statement but isn't in the Process Statement's sensitivity list File: C:/Users/ariel/Desktop/works/HIT/VHDL Lab/Ex4 - FSM (Finite State Machine)/Synthesis - Quartus - Traffic Light/Full_Traffic_Light.vhd Line: 52
Warning (10492): VHDL Process Statement warning at Full_Traffic_Light.vhd(53): signal "Er1" is read inside the Process Statement but isn't in the Process Statement's sensitivity list File: C:/Users/ariel/Desktop/works/HIT/VHDL Lab/Ex4 - FSM (Finite State Machine)/Synthesis - Quartus - Traffic Light/Full_Traffic_Light.vhd Line: 53
Warning (10492): VHDL Process Statement warning at Full_Traffic_Light.vhd(54): signal "Eg2" is read inside the Process Statement but isn't in the Process Statement's sensitivity list File: C:/Users/ariel/Desktop/works/HIT/VHDL Lab/Ex4 - FSM (Finite State Machine)/Synthesis - Quartus - Traffic Light/Full_Traffic_Light.vhd Line: 54
Warning (10492): VHDL Process Statement warning at Full_Traffic_Light.vhd(56): signal "clk50" is read inside the Process Statement but isn't in the Process Statement's sensitivity list File: C:/Users/ariel/Desktop/works/HIT/VHDL Lab/Ex4 - FSM (Finite State Machine)/Synthesis - Quartus - Traffic Light/Full_Traffic_Light.vhd Line: 56
Warning (10492): VHDL Process Statement warning at Full_Traffic_Light.vhd(57): signal "swclk" is read inside the Process Statement but isn't in the Process Statement's sensitivity list File: C:/Users/ariel/Desktop/works/HIT/VHDL Lab/Ex4 - FSM (Finite State Machine)/Synthesis - Quartus - Traffic Light/Full_Traffic_Light.vhd Line: 57
Warning (10492): VHDL Process Statement warning at Full_Traffic_Light.vhd(58): signal "TLy1" is read inside the Process Statement but isn't in the Process Statement's sensitivity list File: C:/Users/ariel/Desktop/works/HIT/VHDL Lab/Ex4 - FSM (Finite State Machine)/Synthesis - Quartus - Traffic Light/Full_Traffic_Light.vhd Line: 58
Warning (10492): VHDL Process Statement warning at Full_Traffic_Light.vhd(59): signal "TLy2" is read inside the Process Statement but isn't in the Process Statement's sensitivity list File: C:/Users/ariel/Desktop/works/HIT/VHDL Lab/Ex4 - FSM (Finite State Machine)/Synthesis - Quartus - Traffic Light/Full_Traffic_Light.vhd Line: 59
Warning (10492): VHDL Process Statement warning at Full_Traffic_Light.vhd(60): signal "TLr1" is read inside the Process Statement but isn't in the Process Statement's sensitivity list File: C:/Users/ariel/Desktop/works/HIT/VHDL Lab/Ex4 - FSM (Finite State Machine)/Synthesis - Quartus - Traffic Light/Full_Traffic_Light.vhd Line: 60
Warning (10492): VHDL Process Statement warning at Full_Traffic_Light.vhd(61): signal "TLg2" is read inside the Process Statement but isn't in the Process Statement's sensitivity list File: C:/Users/ariel/Desktop/works/HIT/VHDL Lab/Ex4 - FSM (Finite State Machine)/Synthesis - Quartus - Traffic Light/Full_Traffic_Light.vhd Line: 61
Warning (10631): VHDL Process Statement warning at Full_Traffic_Light.vhd(46): inferring latch(es) for signal or variable "Eclk", which holds its previous value in one or more paths through the process File: C:/Users/ariel/Desktop/works/HIT/VHDL Lab/Ex4 - FSM (Finite State Machine)/Synthesis - Quartus - Traffic Light/Full_Traffic_Light.vhd Line: 46
Warning (10631): VHDL Process Statement warning at Full_Traffic_Light.vhd(46): inferring latch(es) for signal or variable "Eswclk", which holds its previous value in one or more paths through the process File: C:/Users/ariel/Desktop/works/HIT/VHDL Lab/Ex4 - FSM (Finite State Machine)/Synthesis - Quartus - Traffic Light/Full_Traffic_Light.vhd Line: 46
Warning (10631): VHDL Process Statement warning at Full_Traffic_Light.vhd(46): inferring latch(es) for signal or variable "TLclk", which holds its previous value in one or more paths through the process File: C:/Users/ariel/Desktop/works/HIT/VHDL Lab/Ex4 - FSM (Finite State Machine)/Synthesis - Quartus - Traffic Light/Full_Traffic_Light.vhd Line: 46
Warning (10631): VHDL Process Statement warning at Full_Traffic_Light.vhd(46): inferring latch(es) for signal or variable "TLswclk", which holds its previous value in one or more paths through the process File: C:/Users/ariel/Desktop/works/HIT/VHDL Lab/Ex4 - FSM (Finite State Machine)/Synthesis - Quartus - Traffic Light/Full_Traffic_Light.vhd Line: 46
Info (10041): Inferred latch for "TLswclk" at Full_Traffic_Light.vhd(46) File: C:/Users/ariel/Desktop/works/HIT/VHDL Lab/Ex4 - FSM (Finite State Machine)/Synthesis - Quartus - Traffic Light/Full_Traffic_Light.vhd Line: 46
Info (10041): Inferred latch for "TLclk" at Full_Traffic_Light.vhd(46) File: C:/Users/ariel/Desktop/works/HIT/VHDL Lab/Ex4 - FSM (Finite State Machine)/Synthesis - Quartus - Traffic Light/Full_Traffic_Light.vhd Line: 46
Info (10041): Inferred latch for "Eswclk" at Full_Traffic_Light.vhd(46) File: C:/Users/ariel/Desktop/works/HIT/VHDL Lab/Ex4 - FSM (Finite State Machine)/Synthesis - Quartus - Traffic Light/Full_Traffic_Light.vhd Line: 46
Info (10041): Inferred latch for "Eclk" at Full_Traffic_Light.vhd(46) File: C:/Users/ariel/Desktop/works/HIT/VHDL Lab/Ex4 - FSM (Finite State Machine)/Synthesis - Quartus - Traffic Light/Full_Traffic_Light.vhd Line: 46
Info (12128): Elaborating entity "Traffic_Light" for hierarchy "Traffic_Light:U1" File: C:/Users/ariel/Desktop/works/HIT/VHDL Lab/Ex4 - FSM (Finite State Machine)/Synthesis - Quartus - Traffic Light/Full_Traffic_Light.vhd Line: 38
Warning (10492): VHDL Process Statement warning at Traffic_Light.vhd(44): signal "day" is read inside the Process Statement but isn't in the Process Statement's sensitivity list File: C:/Users/ariel/Desktop/works/HIT/VHDL Lab/Ex4 - FSM (Finite State Machine)/Synthesis - Quartus - Traffic Light/Traffic_Light.vhd Line: 44
Warning (10492): VHDL Process Statement warning at Traffic_Light.vhd(45): signal "day" is read inside the Process Statement but isn't in the Process Statement's sensitivity list File: C:/Users/ariel/Desktop/works/HIT/VHDL Lab/Ex4 - FSM (Finite State Machine)/Synthesis - Quartus - Traffic Light/Traffic_Light.vhd Line: 45
Warning (10492): VHDL Process Statement warning at Traffic_Light.vhd(46): signal "day" is read inside the Process Statement but isn't in the Process Statement's sensitivity list File: C:/Users/ariel/Desktop/works/HIT/VHDL Lab/Ex4 - FSM (Finite State Machine)/Synthesis - Quartus - Traffic Light/Traffic_Light.vhd Line: 46
Warning (10492): VHDL Process Statement warning at Traffic_Light.vhd(47): signal "day" is read inside the Process Statement but isn't in the Process Statement's sensitivity list File: C:/Users/ariel/Desktop/works/HIT/VHDL Lab/Ex4 - FSM (Finite State Machine)/Synthesis - Quartus - Traffic Light/Traffic_Light.vhd Line: 47
Warning (10492): VHDL Process Statement warning at Traffic_Light.vhd(48): signal "day" is read inside the Process Statement but isn't in the Process Statement's sensitivity list File: C:/Users/ariel/Desktop/works/HIT/VHDL Lab/Ex4 - FSM (Finite State Machine)/Synthesis - Quartus - Traffic Light/Traffic_Light.vhd Line: 48
Warning (10492): VHDL Process Statement warning at Traffic_Light.vhd(49): signal "day" is read inside the Process Statement but isn't in the Process Statement's sensitivity list File: C:/Users/ariel/Desktop/works/HIT/VHDL Lab/Ex4 - FSM (Finite State Machine)/Synthesis - Quartus - Traffic Light/Traffic_Light.vhd Line: 49
Info (12128): Elaborating entity "Generator" for hierarchy "Traffic_Light:U1|Generator:Gen1" File: C:/Users/ariel/Desktop/works/HIT/VHDL Lab/Ex4 - FSM (Finite State Machine)/Synthesis - Quartus - Traffic Light/Traffic_Light.vhd Line: 90
Info (12128): Elaborating entity "Decoder7Segment" for hierarchy "Traffic_Light:U1|Decoder7Segment:Disp1" File: C:/Users/ariel/Desktop/works/HIT/VHDL Lab/Ex4 - FSM (Finite State Machine)/Synthesis - Quartus - Traffic Light/Traffic_Light.vhd Line: 91
Info (12128): Elaborating entity "EmergencySystem" for hierarchy "EmergencySystem:U2" File: C:/Users/ariel/Desktop/works/HIT/VHDL Lab/Ex4 - FSM (Finite State Machine)/Synthesis - Quartus - Traffic Light/Full_Traffic_Light.vhd Line: 39
Warning (10492): VHDL Process Statement warning at EmergencySystem.vhd(46): signal "Emerg" is read inside the Process Statement but isn't in the Process Statement's sensitivity list File: C:/Users/ariel/Desktop/works/HIT/VHDL Lab/Ex4 - FSM (Finite State Machine)/Synthesis - Quartus - Traffic Light/EmergencySystem.vhd Line: 46
Warning (19016): Clock multiplexers are found and protected
    Warning (19017): Found clock multiplexer EmergencySystem:U2|sclk File: C:/Users/ariel/Desktop/works/HIT/VHDL Lab/Ex4 - FSM (Finite State Machine)/Synthesis - Quartus - Traffic Light/EmergencySystem.vhd Line: 28
    Warning (19017): Found clock multiplexer Traffic_Light:U1|sclk File: C:/Users/ariel/Desktop/works/HIT/VHDL Lab/Ex4 - FSM (Finite State Machine)/Synthesis - Quartus - Traffic Light/Traffic_Light.vhd Line: 31
Info (13000): Registers with preset signals will power-up high File: C:/Users/ariel/Desktop/works/HIT/VHDL Lab/Ex4 - FSM (Finite State Machine)/Synthesis - Quartus - Traffic Light/EmergencySystem.vhd Line: 46
Info (13003): DEV_CLRn pin will set, and not reset, register with preset signal due to NOT Gate Push-Back
Info (286030): Timing-Driven Synthesis is running
Info (16010): Generating hard_block partition "hard_block:auto_generated_inst"
    Info (16011): Adding 0 node(s), including 0 DDIO, 0 PLL, 0 transceiver and 0 LCELL
Info (21057): Implemented 184 device resources after synthesis - the final resource count might be different
    Info (21058): Implemented 6 input pins
    Info (21059): Implemented 20 output pins
    Info (21061): Implemented 158 logic cells
Info: Quartus Prime Analysis & Synthesis was successful. 0 errors, 27 warnings
    Info: Peak virtual memory: 4793 megabytes
    Info: Processing ended: Tue Aug 02 17:01:56 2022
    Info: Elapsed time: 00:00:09
    Info: Total CPU time (on all processors): 00:00:17


